This is pdfTeX, Version 3.14159265-2.6-1.40.19 (TeX Live 2018) (preloaded format=pdflatex 2018.4.16)  11 MAR 2021 18:51
entering extended mode
 restricted \write18 enabled.
 %&-line parsing enabled.
**_main.tex
(./_main.tex
LaTeX2e <2018-04-01> patch level 2
Babel <3.18> and hyphenation patterns for 84 language(s) loaded.
(/usr/local/texlive/2018/texmf-dist/tex/latex/base/book.cls
Document Class: book 2014/09/29 v1.4h Standard LaTeX document class
(/usr/local/texlive/2018/texmf-dist/tex/latex/base/bk10.clo
File: bk10.clo 2014/09/29 v1.4h Standard LaTeX file (size option)
)
\c@part=\count80
\c@chapter=\count81
\c@section=\count82
\c@subsection=\count83
\c@subsubsection=\count84
\c@paragraph=\count85
\c@subparagraph=\count86
\c@figure=\count87
\c@table=\count88
\abovecaptionskip=\skip41
\belowcaptionskip=\skip42
\bibindent=\dimen102
) (/usr/local/texlive/2018/texmf-dist/tex/latex/lm/lmodern.sty
Package: lmodern 2009/10/30 v1.6 Latin Modern Fonts
LaTeX Font Info:    Overwriting symbol font `operators' in version `normal'
(Font)                  OT1/cmr/m/n --> OT1/lmr/m/n on input line 22.
LaTeX Font Info:    Overwriting symbol font `letters' in version `normal'
(Font)                  OML/cmm/m/it --> OML/lmm/m/it on input line 23.
LaTeX Font Info:    Overwriting symbol font `symbols' in version `normal'
(Font)                  OMS/cmsy/m/n --> OMS/lmsy/m/n on input line 24.
LaTeX Font Info:    Overwriting symbol font `largesymbols' in version `normal'
(Font)                  OMX/cmex/m/n --> OMX/lmex/m/n on input line 25.
LaTeX Font Info:    Overwriting symbol font `operators' in version `bold'
(Font)                  OT1/cmr/bx/n --> OT1/lmr/bx/n on input line 26.
LaTeX Font Info:    Overwriting symbol font `letters' in version `bold'
(Font)                  OML/cmm/b/it --> OML/lmm/b/it on input line 27.
LaTeX Font Info:    Overwriting symbol font `symbols' in version `bold'
(Font)                  OMS/cmsy/b/n --> OMS/lmsy/b/n on input line 28.
LaTeX Font Info:    Overwriting symbol font `largesymbols' in version `bold'
(Font)                  OMX/cmex/m/n --> OMX/lmex/m/n on input line 29.
LaTeX Font Info:    Overwriting math alphabet `\mathbf' in version `normal'
(Font)                  OT1/cmr/bx/n --> OT1/lmr/bx/n on input line 31.
LaTeX Font Info:    Overwriting math alphabet `\mathsf' in version `normal'
(Font)                  OT1/cmss/m/n --> OT1/lmss/m/n on input line 32.
LaTeX Font Info:    Overwriting math alphabet `\mathit' in version `normal'
(Font)                  OT1/cmr/m/it --> OT1/lmr/m/it on input line 33.
LaTeX Font Info:    Overwriting math alphabet `\mathtt' in version `normal'
(Font)                  OT1/cmtt/m/n --> OT1/lmtt/m/n on input line 34.
LaTeX Font Info:    Overwriting math alphabet `\mathbf' in version `bold'
(Font)                  OT1/cmr/bx/n --> OT1/lmr/bx/n on input line 35.
LaTeX Font Info:    Overwriting math alphabet `\mathsf' in version `bold'
(Font)                  OT1/cmss/bx/n --> OT1/lmss/bx/n on input line 36.
LaTeX Font Info:    Overwriting math alphabet `\mathit' in version `bold'
(Font)                  OT1/cmr/bx/it --> OT1/lmr/bx/it on input line 37.
LaTeX Font Info:    Overwriting math alphabet `\mathtt' in version `bold'
(Font)                  OT1/cmtt/m/n --> OT1/lmtt/m/n on input line 38.
) (/usr/local/texlive/2018/texmf-dist/tex/latex/amsfonts/amssymb.sty
Package: amssymb 2013/01/14 v3.01 AMS font symbols
(/usr/local/texlive/2018/texmf-dist/tex/latex/amsfonts/amsfonts.sty
Package: amsfonts 2013/01/14 v3.01 Basic AMSFonts support
\@emptytoks=\toks14
\symAMSa=\mathgroup4
\symAMSb=\mathgroup5
LaTeX Font Info:    Overwriting math alphabet `\mathfrak' in version `bold'
(Font)                  U/euf/m/n --> U/euf/b/n on input line 106.
)) (/usr/local/texlive/2018/texmf-dist/tex/latex/amsmath/amsmath.sty
Package: amsmath 2017/09/02 v2.17a AMS math features
\@mathmargin=\skip43
For additional information on amsmath, use the `?' option.
(/usr/local/texlive/2018/texmf-dist/tex/latex/amsmath/amstext.sty
Package: amstext 2000/06/29 v2.01 AMS text
(/usr/local/texlive/2018/texmf-dist/tex/latex/amsmath/amsgen.sty
File: amsgen.sty 1999/11/30 v2.0 generic functions
\@emptytoks=\toks15
\ex@=\dimen103
)) (/usr/local/texlive/2018/texmf-dist/tex/latex/amsmath/amsbsy.sty
Package: amsbsy 1999/11/29 v1.2d Bold Symbols
\pmbraise@=\dimen104
) (/usr/local/texlive/2018/texmf-dist/tex/latex/amsmath/amsopn.sty
Package: amsopn 2016/03/08 v2.02 operator names
)
\inf@bad=\count89
LaTeX Info: Redefining \frac on input line 213.
\uproot@=\count90
\leftroot@=\count91
LaTeX Info: Redefining \overline on input line 375.
\classnum@=\count92
\DOTSCASE@=\count93
LaTeX Info: Redefining \ldots on input line 472.
LaTeX Info: Redefining \dots on input line 475.
LaTeX Info: Redefining \cdots on input line 596.
\Mathstrutbox@=\box26
\strutbox@=\box27
\big@size=\dimen105
LaTeX Font Info:    Redeclaring font encoding OML on input line 712.
LaTeX Font Info:    Redeclaring font encoding OMS on input line 713.
\macc@depth=\count94
\c@MaxMatrixCols=\count95
\dotsspace@=\muskip10
\c@parentequation=\count96
\dspbrk@lvl=\count97
\tag@help=\toks16
\row@=\count98
\column@=\count99
\maxfields@=\count100
\andhelp@=\toks17
\eqnshift@=\dimen106
\alignsep@=\dimen107
\tagshift@=\dimen108
\tagwidth@=\dimen109
\totwidth@=\dimen110
\lineht@=\dimen111
\@envbody=\toks18
\multlinegap=\skip44
\multlinetaggap=\skip45
\mathdisplay@stack=\toks19
LaTeX Info: Redefining \[ on input line 2817.
LaTeX Info: Redefining \] on input line 2818.
) (/usr/local/texlive/2018/texmf-dist/tex/generic/ifxetex/ifxetex.sty
Package: ifxetex 2010/09/12 v0.6 Provides ifxetex conditional
) (/usr/local/texlive/2018/texmf-dist/tex/generic/oberdiek/ifluatex.sty
Package: ifluatex 2016/05/16 v1.4 Provides the ifluatex switch (HO)
Package ifluatex Info: LuaTeX not detected.
) (/usr/local/texlive/2018/texmf-dist/tex/latex/base/fontenc.sty
Package: fontenc 2017/04/05 v2.0i Standard LaTeX package
(/usr/local/texlive/2018/texmf-dist/tex/latex/base/t1enc.def
File: t1enc.def 2017/04/05 v2.0i Standard LaTeX file
LaTeX Font Info:    Redeclaring font encoding T1 on input line 48.
)) (/usr/local/texlive/2018/texmf-dist/tex/latex/base/inputenc.sty
Package: inputenc 2018/04/06 v1.3b Input encoding file
\inpenc@prehook=\toks20
\inpenc@posthook=\toks21
) (/usr/local/texlive/2018/texmf-dist/tex/latex/base/textcomp.sty
Package: textcomp 2017/04/05 v2.0i Standard LaTeX package
Package textcomp Info: Sub-encoding information:
(textcomp)               5 = only ISO-Adobe without \textcurrency
(textcomp)               4 = 5 + \texteuro
(textcomp)               3 = 4 + \textohm
(textcomp)               2 = 3 + \textestimated + \textcurrency
(textcomp)               1 = TS1 - \textcircled - \t
(textcomp)               0 = TS1 (full)
(textcomp)             Font families with sub-encoding setting implement
(textcomp)             only a restricted character set as indicated.
(textcomp)             Family '?' is the default used for unknown fonts.
(textcomp)             See the documentation for details.
Package textcomp Info: Setting ? sub-encoding to TS1/1 on input line 79.
(/usr/local/texlive/2018/texmf-dist/tex/latex/base/ts1enc.def
File: ts1enc.def 2001/06/05 v3.0e (jk/car/fm) Standard LaTeX file
Now handling font encoding TS1 ...
... processing UTF-8 mapping file for font encoding TS1
(/usr/local/texlive/2018/texmf-dist/tex/latex/base/ts1enc.dfu
File: ts1enc.dfu 2018/04/05 v1.2c UTF-8 support for inputenc
   defining Unicode char U+00A2 (decimal 162)
   defining Unicode char U+00A3 (decimal 163)
   defining Unicode char U+00A4 (decimal 164)
   defining Unicode char U+00A5 (decimal 165)
   defining Unicode char U+00A6 (decimal 166)
   defining Unicode char U+00A7 (decimal 167)
   defining Unicode char U+00A8 (decimal 168)
   defining Unicode char U+00A9 (decimal 169)
   defining Unicode char U+00AA (decimal 170)
   defining Unicode char U+00AC (decimal 172)
   defining Unicode char U+00AE (decimal 174)
   defining Unicode char U+00AF (decimal 175)
   defining Unicode char U+00B0 (decimal 176)
   defining Unicode char U+00B1 (decimal 177)
   defining Unicode char U+00B2 (decimal 178)
   defining Unicode char U+00B3 (decimal 179)
   defining Unicode char U+00B4 (decimal 180)
   defining Unicode char U+00B5 (decimal 181)
   defining Unicode char U+00B6 (decimal 182)
   defining Unicode char U+00B7 (decimal 183)
   defining Unicode char U+00B9 (decimal 185)
   defining Unicode char U+00BA (decimal 186)
   defining Unicode char U+00BC (decimal 188)
   defining Unicode char U+00BD (decimal 189)
   defining Unicode char U+00BE (decimal 190)
   defining Unicode char U+00D7 (decimal 215)
   defining Unicode char U+00F7 (decimal 247)
   defining Unicode char U+0192 (decimal 402)
   defining Unicode char U+02C7 (decimal 711)
   defining Unicode char U+02D8 (decimal 728)
   defining Unicode char U+02DD (decimal 733)
   defining Unicode char U+0E3F (decimal 3647)
   defining Unicode char U+2016 (decimal 8214)
   defining Unicode char U+2020 (decimal 8224)
   defining Unicode char U+2021 (decimal 8225)
   defining Unicode char U+2022 (decimal 8226)
   defining Unicode char U+2030 (decimal 8240)
   defining Unicode char U+2031 (decimal 8241)
   defining Unicode char U+203B (decimal 8251)
   defining Unicode char U+203D (decimal 8253)
   defining Unicode char U+2044 (decimal 8260)
   defining Unicode char U+204E (decimal 8270)
   defining Unicode char U+2052 (decimal 8274)
   defining Unicode char U+20A1 (decimal 8353)
   defining Unicode char U+20A4 (decimal 8356)
   defining Unicode char U+20A6 (decimal 8358)
   defining Unicode char U+20A9 (decimal 8361)
   defining Unicode char U+20AB (decimal 8363)
   defining Unicode char U+20AC (decimal 8364)
   defining Unicode char U+20B1 (decimal 8369)
   defining Unicode char U+2103 (decimal 8451)
   defining Unicode char U+2116 (decimal 8470)
   defining Unicode char U+2117 (decimal 8471)
   defining Unicode char U+211E (decimal 8478)
   defining Unicode char U+2120 (decimal 8480)
   defining Unicode char U+2122 (decimal 8482)
   defining Unicode char U+2126 (decimal 8486)
   defining Unicode char U+2127 (decimal 8487)
   defining Unicode char U+212E (decimal 8494)
   defining Unicode char U+2190 (decimal 8592)
   defining Unicode char U+2191 (decimal 8593)
   defining Unicode char U+2192 (decimal 8594)
   defining Unicode char U+2193 (decimal 8595)
   defining Unicode char U+2329 (decimal 9001)
   defining Unicode char U+232A (decimal 9002)
   defining Unicode char U+2422 (decimal 9250)
   defining Unicode char U+25E6 (decimal 9702)
   defining Unicode char U+25EF (decimal 9711)
   defining Unicode char U+266A (decimal 9834)
   defining Unicode char U+FEFF (decimal 65279)
))
LaTeX Info: Redefining \oldstylenums on input line 334.
Package textcomp Info: Setting cmr sub-encoding to TS1/0 on input line 349.
Package textcomp Info: Setting cmss sub-encoding to TS1/0 on input line 350.
Package textcomp Info: Setting cmtt sub-encoding to TS1/0 on input line 351.
Package textcomp Info: Setting cmvtt sub-encoding to TS1/0 on input line 352.
Package textcomp Info: Setting cmbr sub-encoding to TS1/0 on input line 353.
Package textcomp Info: Setting cmtl sub-encoding to TS1/0 on input line 354.
Package textcomp Info: Setting ccr sub-encoding to TS1/0 on input line 355.
Package textcomp Info: Setting ptm sub-encoding to TS1/4 on input line 356.
Package textcomp Info: Setting pcr sub-encoding to TS1/4 on input line 357.
Package textcomp Info: Setting phv sub-encoding to TS1/4 on input line 358.
Package textcomp Info: Setting ppl sub-encoding to TS1/3 on input line 359.
Package textcomp Info: Setting pag sub-encoding to TS1/4 on input line 360.
Package textcomp Info: Setting pbk sub-encoding to TS1/4 on input line 361.
Package textcomp Info: Setting pnc sub-encoding to TS1/4 on input line 362.
Package textcomp Info: Setting pzc sub-encoding to TS1/4 on input line 363.
Package textcomp Info: Setting bch sub-encoding to TS1/4 on input line 364.
Package textcomp Info: Setting put sub-encoding to TS1/5 on input line 365.
Package textcomp Info: Setting uag sub-encoding to TS1/5 on input line 366.
Package textcomp Info: Setting ugq sub-encoding to TS1/5 on input line 367.
Package textcomp Info: Setting ul8 sub-encoding to TS1/4 on input line 368.
Package textcomp Info: Setting ul9 sub-encoding to TS1/4 on input line 369.
Package textcomp Info: Setting augie sub-encoding to TS1/5 on input line 370.
Package textcomp Info: Setting dayrom sub-encoding to TS1/3 on input line 371.
Package textcomp Info: Setting dayroms sub-encoding to TS1/3 on input line 372.

Package textcomp Info: Setting pxr sub-encoding to TS1/0 on input line 373.
Package textcomp Info: Setting pxss sub-encoding to TS1/0 on input line 374.
Package textcomp Info: Setting pxtt sub-encoding to TS1/0 on input line 375.
Package textcomp Info: Setting txr sub-encoding to TS1/0 on input line 376.
Package textcomp Info: Setting txss sub-encoding to TS1/0 on input line 377.
Package textcomp Info: Setting txtt sub-encoding to TS1/0 on input line 378.
Package textcomp Info: Setting lmr sub-encoding to TS1/0 on input line 379.
Package textcomp Info: Setting lmdh sub-encoding to TS1/0 on input line 380.
Package textcomp Info: Setting lmss sub-encoding to TS1/0 on input line 381.
Package textcomp Info: Setting lmssq sub-encoding to TS1/0 on input line 382.
Package textcomp Info: Setting lmvtt sub-encoding to TS1/0 on input line 383.
Package textcomp Info: Setting lmtt sub-encoding to TS1/0 on input line 384.
Package textcomp Info: Setting qhv sub-encoding to TS1/0 on input line 385.
Package textcomp Info: Setting qag sub-encoding to TS1/0 on input line 386.
Package textcomp Info: Setting qbk sub-encoding to TS1/0 on input line 387.
Package textcomp Info: Setting qcr sub-encoding to TS1/0 on input line 388.
Package textcomp Info: Setting qcs sub-encoding to TS1/0 on input line 389.
Package textcomp Info: Setting qpl sub-encoding to TS1/0 on input line 390.
Package textcomp Info: Setting qtm sub-encoding to TS1/0 on input line 391.
Package textcomp Info: Setting qzc sub-encoding to TS1/0 on input line 392.
Package textcomp Info: Setting qhvc sub-encoding to TS1/0 on input line 393.
Package textcomp Info: Setting futs sub-encoding to TS1/4 on input line 394.
Package textcomp Info: Setting futx sub-encoding to TS1/4 on input line 395.
Package textcomp Info: Setting futj sub-encoding to TS1/4 on input line 396.
Package textcomp Info: Setting hlh sub-encoding to TS1/3 on input line 397.
Package textcomp Info: Setting hls sub-encoding to TS1/3 on input line 398.
Package textcomp Info: Setting hlst sub-encoding to TS1/3 on input line 399.
Package textcomp Info: Setting hlct sub-encoding to TS1/5 on input line 400.
Package textcomp Info: Setting hlx sub-encoding to TS1/5 on input line 401.
Package textcomp Info: Setting hlce sub-encoding to TS1/5 on input line 402.
Package textcomp Info: Setting hlcn sub-encoding to TS1/5 on input line 403.
Package textcomp Info: Setting hlcw sub-encoding to TS1/5 on input line 404.
Package textcomp Info: Setting hlcf sub-encoding to TS1/5 on input line 405.
Package textcomp Info: Setting pplx sub-encoding to TS1/3 on input line 406.
Package textcomp Info: Setting pplj sub-encoding to TS1/3 on input line 407.
Package textcomp Info: Setting ptmx sub-encoding to TS1/4 on input line 408.
Package textcomp Info: Setting ptmj sub-encoding to TS1/4 on input line 409.
) (/usr/local/texlive/2018/texmf-dist/tex/latex/upquote/upquote.sty
Package: upquote 2012/04/19 v1.3 upright-quote and grave-accent glyphs in verba
tim
) (/usr/local/texlive/2018/texmf-dist/tex/latex/microtype/microtype.sty
Package: microtype 2018/01/14 v2.7a Micro-typographical refinements (RS)
(/usr/local/texlive/2018/texmf-dist/tex/latex/graphics/keyval.sty
Package: keyval 2014/10/28 v1.15 key=value parser (DPC)
\KV@toks@=\toks22
)
\MT@toks=\toks23
\MT@count=\count101
LaTeX Info: Redefining \textls on input line 793.
\MT@outer@kern=\dimen112
LaTeX Info: Redefining \textmicrotypecontext on input line 1339.
\MT@listname@count=\count102
(/usr/local/texlive/2018/texmf-dist/tex/latex/microtype/microtype-pdftex.def
File: microtype-pdftex.def 2018/01/14 v2.7a Definitions specific to pdftex (RS)

LaTeX Info: Redefining \lsstyle on input line 913.
LaTeX Info: Redefining \lslig on input line 913.
\MT@outer@space=\skip46
)
Package microtype Info: Loading configuration file microtype.cfg.
(/usr/local/texlive/2018/texmf-dist/tex/latex/microtype/microtype.cfg
File: microtype.cfg 2018/01/14 v2.7a microtype main configuration file (RS)
)) (/usr/local/texlive/2018/texmf-dist/tex/latex/parskip/parskip.sty
Package: parskip 2001/04/09 non-zero parskip adjustments
) (/usr/local/texlive/2018/texmf-dist/tex/latex/xcolor/xcolor.sty
Package: xcolor 2016/05/11 v2.12 LaTeX color extensions (UK)
(/usr/local/texlive/2018/texmf-dist/tex/latex/graphics-cfg/color.cfg
File: color.cfg 2016/01/02 v1.6 sample color configuration
)
Package xcolor Info: Driver file: pdftex.def on input line 225.
(/usr/local/texlive/2018/texmf-dist/tex/latex/graphics-def/pdftex.def
File: pdftex.def 2018/01/08 v1.0l Graphics/color driver for pdftex
)
Package xcolor Info: Model `cmy' substituted by `cmy0' on input line 1348.
Package xcolor Info: Model `hsb' substituted by `rgb' on input line 1352.
Package xcolor Info: Model `RGB' extended on input line 1364.
Package xcolor Info: Model `HTML' substituted by `rgb' on input line 1366.
Package xcolor Info: Model `Hsb' substituted by `hsb' on input line 1367.
Package xcolor Info: Model `tHsb' substituted by `hsb' on input line 1368.
Package xcolor Info: Model `HSB' substituted by `hsb' on input line 1369.
Package xcolor Info: Model `Gray' substituted by `gray' on input line 1370.
Package xcolor Info: Model `wave' substituted by `hsb' on input line 1371.
) (/usr/local/texlive/2018/texmf-dist/tex/latex/xurl/xurl.sty
Package: xurl 2018/01/09 v 0.03 modify URL breaks
(/usr/local/texlive/2018/texmf-dist/tex/latex/url/url.sty
\Urlmuskip=\muskip11
Package: url 2013/09/16  ver 3.4  Verb mode for urls, etc.
)) (/usr/local/texlive/2018/texmf-dist/tex/latex/oberdiek/bookmark.sty
Package: bookmark 2016/05/17 v1.26 PDF bookmarks (HO)
(/usr/local/texlive/2018/texmf-dist/tex/generic/oberdiek/pdfescape.sty
Package: pdfescape 2016/05/16 v1.14 Implements pdfTeX's escape features (HO)
(/usr/local/texlive/2018/texmf-dist/tex/generic/oberdiek/ltxcmds.sty
Package: ltxcmds 2016/05/16 v1.23 LaTeX kernel commands for general use (HO)
) (/usr/local/texlive/2018/texmf-dist/tex/generic/oberdiek/pdftexcmds.sty
Package: pdftexcmds 2018/01/30 v0.27 Utility functions of pdfTeX for LuaTeX (HO
)
(/usr/local/texlive/2018/texmf-dist/tex/generic/oberdiek/infwarerr.sty
Package: infwarerr 2016/05/16 v1.4 Providing info/warning/error messages (HO)
) (/usr/local/texlive/2018/texmf-dist/tex/generic/oberdiek/ifpdf.sty
Package: ifpdf 2017/03/15 v3.2 Provides the ifpdf switch
)
Package pdftexcmds Info: LuaTeX not detected.
Package pdftexcmds Info: \pdf@primitive is available.
Package pdftexcmds Info: \pdf@ifprimitive is available.
Package pdftexcmds Info: \pdfdraftmode found.
)) (/usr/local/texlive/2018/texmf-dist/tex/generic/oberdiek/ifvtex.sty
Package: ifvtex 2016/05/16 v1.6 Detect VTeX and its facilities (HO)
Package ifvtex Info: VTeX not detected.
) (/usr/local/texlive/2018/texmf-dist/tex/latex/hyperref/hyperref.sty
Package: hyperref 2018/02/06 v6.86b Hypertext links for LaTeX
(/usr/local/texlive/2018/texmf-dist/tex/generic/oberdiek/hobsub-hyperref.sty
Package: hobsub-hyperref 2016/05/16 v1.14 Bundle oberdiek, subset hyperref (HO)

(/usr/local/texlive/2018/texmf-dist/tex/generic/oberdiek/hobsub-generic.sty
Package: hobsub-generic 2016/05/16 v1.14 Bundle oberdiek, subset generic (HO)
Package: hobsub 2016/05/16 v1.14 Construct package bundles (HO)
Package hobsub Info: Skipping package `infwarerr' (already loaded).
Package hobsub Info: Skipping package `ltxcmds' (already loaded).
Package hobsub Info: Skipping package `ifluatex' (already loaded).
Package hobsub Info: Skipping package `ifvtex' (already loaded).
Package: intcalc 2016/05/16 v1.2 Expandable calculations with integers (HO)
Package hobsub Info: Skipping package `ifpdf' (already loaded).
Package: etexcmds 2016/05/16 v1.6 Avoid name clashes with e-TeX commands (HO)
Package etexcmds Info: Could not find \expanded.
(etexcmds)             That can mean that you are not using pdfTeX 1.50 or
(etexcmds)             that some package has redefined \expanded.
(etexcmds)             In the latter case, load this package earlier.
Package: kvsetkeys 2016/05/16 v1.17 Key value parser (HO)
Package: kvdefinekeys 2016/05/16 v1.4 Define keys (HO)
Package hobsub Info: Skipping package `pdftexcmds' (already loaded).
Package hobsub Info: Skipping package `pdfescape' (already loaded).
Package: bigintcalc 2016/05/16 v1.4 Expandable calculations on big integers (HO
)
Package: bitset 2016/05/16 v1.2 Handle bit-vector datatype (HO)
Package: uniquecounter 2016/05/16 v1.3 Provide unlimited unique counter (HO)
)
Package hobsub Info: Skipping package `hobsub' (already loaded).
Package: letltxmacro 2016/05/16 v1.5 Let assignment for LaTeX macros (HO)
Package: hopatch 2016/05/16 v1.3 Wrapper for package hooks (HO)
Package: xcolor-patch 2016/05/16 xcolor patch
Package: atveryend 2016/05/16 v1.9 Hooks at the very end of document (HO)
Package atveryend Info: \enddocument detected (standard20110627).
Package: atbegshi 2016/06/09 v1.18 At begin shipout hook (HO)
Package: refcount 2016/05/16 v3.5 Data extraction from label references (HO)
Package: hycolor 2016/05/16 v1.8 Color options for hyperref/bookmark (HO)
) (/usr/local/texlive/2018/texmf-dist/tex/latex/oberdiek/auxhook.sty
Package: auxhook 2016/05/16 v1.4 Hooks for auxiliary files (HO)
) (/usr/local/texlive/2018/texmf-dist/tex/latex/oberdiek/kvoptions.sty
Package: kvoptions 2016/05/16 v3.12 Key value format for package options (HO)
)
\@linkdim=\dimen113
\Hy@linkcounter=\count103
\Hy@pagecounter=\count104
(/usr/local/texlive/2018/texmf-dist/tex/latex/hyperref/pd1enc.def
File: pd1enc.def 2018/02/06 v6.86b Hyperref: PDFDocEncoding definition (HO)
Now handling font encoding PD1 ...
... no UTF-8 mapping file for font encoding PD1
)
\Hy@SavedSpaceFactor=\count105
(/usr/local/texlive/2018/texmf-dist/tex/latex/latexconfig/hyperref.cfg
File: hyperref.cfg 2002/06/06 v1.2 hyperref configuration of TeXLive
)
Package hyperref Info: Option `unicode' set `true' on input line 4383.
(/usr/local/texlive/2018/texmf-dist/tex/latex/hyperref/puenc.def
File: puenc.def 2018/02/06 v6.86b Hyperref: PDF Unicode definition (HO)
Now handling font encoding PU ...
... no UTF-8 mapping file for font encoding PU
)
Package hyperref Info: Hyper figures OFF on input line 4509.
Package hyperref Info: Link nesting OFF on input line 4514.
Package hyperref Info: Hyper index ON on input line 4517.
Package hyperref Info: Plain pages OFF on input line 4524.
Package hyperref Info: Backreferencing OFF on input line 4529.
Package hyperref Info: Implicit mode ON; LaTeX internals redefined.
Package hyperref Info: Bookmarks ON on input line 4762.
\c@Hy@tempcnt=\count106
LaTeX Info: Redefining \url on input line 5115.
\XeTeXLinkMargin=\dimen114
\Fld@menulength=\count107
\Field@Width=\dimen115
\Fld@charsize=\dimen116
Package hyperref Info: Hyper figures OFF on input line 6369.
Package hyperref Info: Link nesting OFF on input line 6374.
Package hyperref Info: Hyper index ON on input line 6377.
Package hyperref Info: backreferencing OFF on input line 6384.
Package hyperref Info: Link coloring OFF on input line 6389.
Package hyperref Info: Link coloring with OCG OFF on input line 6394.
Package hyperref Info: PDF/A mode OFF on input line 6399.
LaTeX Info: Redefining \ref on input line 6439.
LaTeX Info: Redefining \pageref on input line 6443.
\Hy@abspage=\count108
\c@Item=\count109
\c@Hfootnote=\count110
)
Package hyperref Info: Driver (autodetected): hpdftex.
(/usr/local/texlive/2018/texmf-dist/tex/latex/hyperref/hpdftex.def
File: hpdftex.def 2018/02/06 v6.86b Hyperref driver for pdfTeX
\Fld@listcount=\count111
\c@bookmark@seq@number=\count112
(/usr/local/texlive/2018/texmf-dist/tex/latex/oberdiek/rerunfilecheck.sty
Package: rerunfilecheck 2016/05/16 v1.8 Rerun checks for auxiliary files (HO)
Package uniquecounter Info: New unique counter `rerunfilecheck' on input line 2
82.
)
\Hy@SectionHShift=\skip47
) (/usr/local/texlive/2018/texmf-dist/tex/latex/oberdiek/bkm-pdftex.def
File: bkm-pdftex.def 2016/05/17 v1.26 bookmark driver for pdfTeX (HO)
\BKM@id=\count113
)) (/usr/local/texlive/2018/texmf-dist/tex/latex/geometry/geometry.sty
Package: geometry 2018/03/24 v5.7 Page Geometry
\Gm@cnth=\count114
\Gm@cntv=\count115
\c@Gm@tempcnt=\count116
\Gm@bindingoffset=\dimen117
\Gm@wd@mp=\dimen118
\Gm@odd@mp=\dimen119
\Gm@even@mp=\dimen120
\Gm@layoutwidth=\dimen121
\Gm@layoutheight=\dimen122
\Gm@layouthoffset=\dimen123
\Gm@layoutvoffset=\dimen124
\Gm@dimlist=\toks24
) (/usr/local/texlive/2018/texmf-dist/tex/latex/fancyvrb/fancyvrb.sty
Package: fancyvrb 2008/02/07

Style option: `fancyvrb' v2.7a, with DG/SPQR fixes, and firstline=lastline fix 
<2008/02/07> (tvz)
\FV@CodeLineNo=\count117
\FV@InFile=\read1
\FV@TabBox=\box28
\c@FancyVerbLine=\count118
\FV@StepNumber=\count119
\FV@OutFile=\write3
) (/usr/local/texlive/2018/texmf-dist/tex/latex/framed/framed.sty
Package: framed 2011/10/22 v 0.96: framed or shaded text with page breaks
\OuterFrameSep=\skip48
\fb@frw=\dimen125
\fb@frh=\dimen126
\FrameRule=\dimen127
\FrameSep=\dimen128
) (/usr/local/texlive/2018/texmf-dist/tex/latex/tools/longtable.sty
Package: longtable 2014/10/28 v4.11 Multi-page Table package (DPC)
\LTleft=\skip49
\LTright=\skip50
\LTpre=\skip51
\LTpost=\skip52
\LTchunksize=\count120
\LTcapwidth=\dimen129
\LT@head=\box29
\LT@firsthead=\box30
\LT@foot=\box31
\LT@lastfoot=\box32
\LT@cols=\count121
\LT@rows=\count122
\c@LT@tables=\count123
\c@LT@chunks=\count124
\LT@p@ftn=\toks25
) (/usr/local/texlive/2018/texmf-dist/tex/latex/booktabs/booktabs.sty
Package: booktabs 2016/04/27 v1.618033 publication quality tables
\heavyrulewidth=\dimen130
\lightrulewidth=\dimen131
\cmidrulewidth=\dimen132
\belowrulesep=\dimen133
\belowbottomsep=\dimen134
\aboverulesep=\dimen135
\abovetopsep=\dimen136
\cmidrulesep=\dimen137
\cmidrulekern=\dimen138
\defaultaddspace=\dimen139
\@cmidla=\count125
\@cmidlb=\count126
\@aboverulesep=\dimen140
\@belowrulesep=\dimen141
\@thisruleclass=\count127
\@lastruleclass=\count128
\@thisrulewidth=\dimen142
) (/usr/local/texlive/2018/texmf-dist/tex/latex/etoolbox/etoolbox.sty
Package: etoolbox 2018/02/11 v2.5e e-TeX tools for LaTeX (JAW)
\etb@tempcnta=\count129
) (/usr/local/texlive/2018/texmf-dist/tex/latex/footnotehyper/footnotehyper.sty
Package: footnotehyper 2018/01/23 v1.1 hyperref aware footnote.sty (JFB)
\FNH@notes=\box33
\FNH@width=\dimen143
) (/usr/local/texlive/2018/texmf-dist/tex/latex/graphics/graphicx.sty
Package: graphicx 2017/06/01 v1.1a Enhanced LaTeX Graphics (DPC,SPQR)
(/usr/local/texlive/2018/texmf-dist/tex/latex/graphics/graphics.sty
Package: graphics 2017/06/25 v1.2c Standard LaTeX Graphics (DPC,SPQR)
(/usr/local/texlive/2018/texmf-dist/tex/latex/graphics/trig.sty
Package: trig 2016/01/03 v1.10 sin cos tan (DPC)
) (/usr/local/texlive/2018/texmf-dist/tex/latex/graphics-cfg/graphics.cfg
File: graphics.cfg 2016/06/04 v1.11 sample graphics configuration
)
Package graphics Info: Driver file: pdftex.def on input line 99.
)
\Gin@req@height=\dimen144
\Gin@req@width=\dimen145
) (/usr/local/texlive/2018/texmf-dist/tex/latex/base/fontenc.sty
Package: fontenc 2017/04/05 v2.0i Standard LaTeX package
(/usr/local/texlive/2018/texmf-dist/tex/latex/base/t1enc.def
File: t1enc.def 2017/04/05 v2.0i Standard LaTeX file
LaTeX Font Info:    Redeclaring font encoding T1 on input line 48.
)) (/usr/local/texlive/2018/texmf-dist/tex/generic/babel/babel.sty
Package: babel 2018/02/14 3.18 The Babel package
(/usr/local/texlive/2018/texmf-dist/tex/generic/babel/switch.def
File: switch.def 2018/02/14 3.18 Babel switching mechanism
) (/usr/local/texlive/2018/texmf-dist/tex/generic/babel-spanish/spanish.ldf
Language: spanish.ldf 2016/03/03 v5.0p Spanish support from the babel system
(/usr/local/texlive/2018/texmf-dist/tex/generic/babel/babel.def
File: babel.def 2018/02/14 3.18 Babel common definitions
\babel@savecnt=\count130
\U@D=\dimen146
(/usr/local/texlive/2018/texmf-dist/tex/generic/babel/txtbabel.def)
\bbl@dirlevel=\count131
)
\es@quottoks=\toks26
\es@quotdepth=\count132
Package babel Info: Making " an active character on input line 561.
Package babel Info: Making < an active character on input line 707.
Package babel Info: Making > an active character on input line 707.
)) (/usr/local/texlive/2018/texmf-dist/tex/latex/pgf/frontendlayer/tikz.sty (/u
sr/local/texlive/2018/texmf-dist/tex/latex/pgf/basiclayer/pgf.sty (/usr/local/t
exlive/2018/texmf-dist/tex/latex/pgf/utilities/pgfrcs.sty
(/usr/local/texlive/2018/texmf-dist/tex/generic/pgf/utilities/pgfutil-common.te
x
\pgfutil@everybye=\toks27
\pgfutil@tempdima=\dimen147
\pgfutil@tempdimb=\dimen148

(/usr/local/texlive/2018/texmf-dist/tex/generic/pgf/utilities/pgfutil-common-li
sts.tex))
(/usr/local/texlive/2018/texmf-dist/tex/generic/pgf/utilities/pgfutil-latex.def
\pgfutil@abb=\box34
(/usr/local/texlive/2018/texmf-dist/tex/latex/ms/everyshi.sty
Package: everyshi 2001/05/15 v3.00 EveryShipout Package (MS)
)) (/usr/local/texlive/2018/texmf-dist/tex/generic/pgf/utilities/pgfrcs.code.te
x
Package: pgfrcs 2015/08/07 v3.0.1a (rcs-revision 1.31)
))
Package: pgf 2015/08/07 v3.0.1a (rcs-revision 1.15)
(/usr/local/texlive/2018/texmf-dist/tex/latex/pgf/basiclayer/pgfcore.sty (/usr/
local/texlive/2018/texmf-dist/tex/latex/pgf/systemlayer/pgfsys.sty
(/usr/local/texlive/2018/texmf-dist/tex/generic/pgf/systemlayer/pgfsys.code.tex
Package: pgfsys 2014/07/09 v3.0.1a (rcs-revision 1.48)
(/usr/local/texlive/2018/texmf-dist/tex/generic/pgf/utilities/pgfkeys.code.tex
\pgfkeys@pathtoks=\toks28
\pgfkeys@temptoks=\toks29

(/usr/local/texlive/2018/texmf-dist/tex/generic/pgf/utilities/pgfkeysfiltered.c
ode.tex
\pgfkeys@tmptoks=\toks30
))
\pgf@x=\dimen149
\pgf@y=\dimen150
\pgf@xa=\dimen151
\pgf@ya=\dimen152
\pgf@xb=\dimen153
\pgf@yb=\dimen154
\pgf@xc=\dimen155
\pgf@yc=\dimen156
\w@pgf@writea=\write4
\r@pgf@reada=\read2
\c@pgf@counta=\count133
\c@pgf@countb=\count134
\c@pgf@countc=\count135
\c@pgf@countd=\count136
\t@pgf@toka=\toks31
\t@pgf@tokb=\toks32
\t@pgf@tokc=\toks33
(/usr/local/texlive/2018/texmf-dist/tex/generic/pgf/systemlayer/pgf.cfg
File: pgf.cfg 2008/05/14  (rcs-revision 1.7)
)
Driver file for pgf: pgfsys-pdftex.def

(/usr/local/texlive/2018/texmf-dist/tex/generic/pgf/systemlayer/pgfsys-pdftex.d
ef
File: pgfsys-pdftex.def 2014/10/11  (rcs-revision 1.35)

(/usr/local/texlive/2018/texmf-dist/tex/generic/pgf/systemlayer/pgfsys-common-p
df.def
File: pgfsys-common-pdf.def 2013/10/10  (rcs-revision 1.13)
)))
(/usr/local/texlive/2018/texmf-dist/tex/generic/pgf/systemlayer/pgfsyssoftpath.
code.tex
File: pgfsyssoftpath.code.tex 2013/09/09  (rcs-revision 1.9)
\pgfsyssoftpath@smallbuffer@items=\count137
\pgfsyssoftpath@bigbuffer@items=\count138
)
(/usr/local/texlive/2018/texmf-dist/tex/generic/pgf/systemlayer/pgfsysprotocol.
code.tex
File: pgfsysprotocol.code.tex 2006/10/16  (rcs-revision 1.4)
))
(/usr/local/texlive/2018/texmf-dist/tex/generic/pgf/basiclayer/pgfcore.code.tex
Package: pgfcore 2010/04/11 v3.0.1a (rcs-revision 1.7)
(/usr/local/texlive/2018/texmf-dist/tex/generic/pgf/math/pgfmath.code.tex (/usr
/local/texlive/2018/texmf-dist/tex/generic/pgf/math/pgfmathcalc.code.tex (/usr/
local/texlive/2018/texmf-dist/tex/generic/pgf/math/pgfmathutil.code.tex)
(/usr/local/texlive/2018/texmf-dist/tex/generic/pgf/math/pgfmathparser.code.tex
\pgfmath@dimen=\dimen157
\pgfmath@count=\count139
\pgfmath@box=\box35
\pgfmath@toks=\toks34
\pgfmath@stack@operand=\toks35
\pgfmath@stack@operation=\toks36
)
(/usr/local/texlive/2018/texmf-dist/tex/generic/pgf/math/pgfmathfunctions.code.
tex
(/usr/local/texlive/2018/texmf-dist/tex/generic/pgf/math/pgfmathfunctions.basic
.code.tex)
(/usr/local/texlive/2018/texmf-dist/tex/generic/pgf/math/pgfmathfunctions.trigo
nometric.code.tex)
(/usr/local/texlive/2018/texmf-dist/tex/generic/pgf/math/pgfmathfunctions.rando
m.code.tex)
(/usr/local/texlive/2018/texmf-dist/tex/generic/pgf/math/pgfmathfunctions.compa
rison.code.tex)
(/usr/local/texlive/2018/texmf-dist/tex/generic/pgf/math/pgfmathfunctions.base.
code.tex)
(/usr/local/texlive/2018/texmf-dist/tex/generic/pgf/math/pgfmathfunctions.round
.code.tex)
(/usr/local/texlive/2018/texmf-dist/tex/generic/pgf/math/pgfmathfunctions.misc.
code.tex)
(/usr/local/texlive/2018/texmf-dist/tex/generic/pgf/math/pgfmathfunctions.integ
erarithmetics.code.tex))) (/usr/local/texlive/2018/texmf-dist/tex/generic/pgf/m
ath/pgfmathfloat.code.tex
\c@pgfmathroundto@lastzeros=\count140
))
(/usr/local/texlive/2018/texmf-dist/tex/generic/pgf/basiclayer/pgfcorepoints.co
de.tex
File: pgfcorepoints.code.tex 2013/10/07  (rcs-revision 1.27)
\pgf@picminx=\dimen158
\pgf@picmaxx=\dimen159
\pgf@picminy=\dimen160
\pgf@picmaxy=\dimen161
\pgf@pathminx=\dimen162
\pgf@pathmaxx=\dimen163
\pgf@pathminy=\dimen164
\pgf@pathmaxy=\dimen165
\pgf@xx=\dimen166
\pgf@xy=\dimen167
\pgf@yx=\dimen168
\pgf@yy=\dimen169
\pgf@zx=\dimen170
\pgf@zy=\dimen171
)
(/usr/local/texlive/2018/texmf-dist/tex/generic/pgf/basiclayer/pgfcorepathconst
ruct.code.tex
File: pgfcorepathconstruct.code.tex 2013/10/07  (rcs-revision 1.29)
\pgf@path@lastx=\dimen172
\pgf@path@lasty=\dimen173
)
(/usr/local/texlive/2018/texmf-dist/tex/generic/pgf/basiclayer/pgfcorepathusage
.code.tex
File: pgfcorepathusage.code.tex 2014/11/02  (rcs-revision 1.24)
\pgf@shorten@end@additional=\dimen174
\pgf@shorten@start@additional=\dimen175
)
(/usr/local/texlive/2018/texmf-dist/tex/generic/pgf/basiclayer/pgfcorescopes.co
de.tex
File: pgfcorescopes.code.tex 2015/05/08  (rcs-revision 1.46)
\pgfpic=\box36
\pgf@hbox=\box37
\pgf@layerbox@main=\box38
\pgf@picture@serial@count=\count141
)
(/usr/local/texlive/2018/texmf-dist/tex/generic/pgf/basiclayer/pgfcoregraphicst
ate.code.tex
File: pgfcoregraphicstate.code.tex 2014/11/02  (rcs-revision 1.12)
\pgflinewidth=\dimen176
)
(/usr/local/texlive/2018/texmf-dist/tex/generic/pgf/basiclayer/pgfcoretransform
ations.code.tex
File: pgfcoretransformations.code.tex 2015/08/07  (rcs-revision 1.20)
\pgf@pt@x=\dimen177
\pgf@pt@y=\dimen178
\pgf@pt@temp=\dimen179
)
(/usr/local/texlive/2018/texmf-dist/tex/generic/pgf/basiclayer/pgfcorequick.cod
e.tex
File: pgfcorequick.code.tex 2008/10/09  (rcs-revision 1.3)
)
(/usr/local/texlive/2018/texmf-dist/tex/generic/pgf/basiclayer/pgfcoreobjects.c
ode.tex
File: pgfcoreobjects.code.tex 2006/10/11  (rcs-revision 1.2)
)
(/usr/local/texlive/2018/texmf-dist/tex/generic/pgf/basiclayer/pgfcorepathproce
ssing.code.tex
File: pgfcorepathprocessing.code.tex 2013/09/09  (rcs-revision 1.9)
)
(/usr/local/texlive/2018/texmf-dist/tex/generic/pgf/basiclayer/pgfcorearrows.co
de.tex
File: pgfcorearrows.code.tex 2015/05/14  (rcs-revision 1.43)
\pgfarrowsep=\dimen180
)
(/usr/local/texlive/2018/texmf-dist/tex/generic/pgf/basiclayer/pgfcoreshade.cod
e.tex
File: pgfcoreshade.code.tex 2013/07/15  (rcs-revision 1.15)
\pgf@max=\dimen181
\pgf@sys@shading@range@num=\count142
)
(/usr/local/texlive/2018/texmf-dist/tex/generic/pgf/basiclayer/pgfcoreimage.cod
e.tex
File: pgfcoreimage.code.tex 2013/07/15  (rcs-revision 1.18)

(/usr/local/texlive/2018/texmf-dist/tex/generic/pgf/basiclayer/pgfcoreexternal.
code.tex
File: pgfcoreexternal.code.tex 2014/07/09  (rcs-revision 1.21)
\pgfexternal@startupbox=\box39
))
(/usr/local/texlive/2018/texmf-dist/tex/generic/pgf/basiclayer/pgfcorelayers.co
de.tex
File: pgfcorelayers.code.tex 2013/07/18  (rcs-revision 1.7)
)
(/usr/local/texlive/2018/texmf-dist/tex/generic/pgf/basiclayer/pgfcoretranspare
ncy.code.tex
File: pgfcoretransparency.code.tex 2013/09/30  (rcs-revision 1.5)
)
(/usr/local/texlive/2018/texmf-dist/tex/generic/pgf/basiclayer/pgfcorepatterns.
code.tex
File: pgfcorepatterns.code.tex 2013/11/07  (rcs-revision 1.5)
)))
(/usr/local/texlive/2018/texmf-dist/tex/generic/pgf/modules/pgfmoduleshapes.cod
e.tex
File: pgfmoduleshapes.code.tex 2014/03/21  (rcs-revision 1.35)
\pgfnodeparttextbox=\box40
)
(/usr/local/texlive/2018/texmf-dist/tex/generic/pgf/modules/pgfmoduleplot.code.
tex
File: pgfmoduleplot.code.tex 2015/08/03  (rcs-revision 1.13)
)
(/usr/local/texlive/2018/texmf-dist/tex/latex/pgf/compatibility/pgfcomp-version
-0-65.sty
Package: pgfcomp-version-0-65 2007/07/03 v3.0.1a (rcs-revision 1.7)
\pgf@nodesepstart=\dimen182
\pgf@nodesepend=\dimen183
)
(/usr/local/texlive/2018/texmf-dist/tex/latex/pgf/compatibility/pgfcomp-version
-1-18.sty
Package: pgfcomp-version-1-18 2007/07/23 v3.0.1a (rcs-revision 1.1)
)) (/usr/local/texlive/2018/texmf-dist/tex/latex/pgf/utilities/pgffor.sty (/usr
/local/texlive/2018/texmf-dist/tex/latex/pgf/utilities/pgfkeys.sty (/usr/local/
texlive/2018/texmf-dist/tex/generic/pgf/utilities/pgfkeys.code.tex)) (/usr/loca
l/texlive/2018/texmf-dist/tex/latex/pgf/math/pgfmath.sty (/usr/local/texlive/20
18/texmf-dist/tex/generic/pgf/math/pgfmath.code.tex)) (/usr/local/texlive/2018/
texmf-dist/tex/generic/pgf/utilities/pgffor.code.tex
Package: pgffor 2013/12/13 v3.0.1a (rcs-revision 1.25)
(/usr/local/texlive/2018/texmf-dist/tex/generic/pgf/math/pgfmath.code.tex)
\pgffor@iter=\dimen184
\pgffor@skip=\dimen185
\pgffor@stack=\toks37
\pgffor@toks=\toks38
))
(/usr/local/texlive/2018/texmf-dist/tex/generic/pgf/frontendlayer/tikz/tikz.cod
e.tex
Package: tikz 2015/08/07 v3.0.1a (rcs-revision 1.151)

(/usr/local/texlive/2018/texmf-dist/tex/generic/pgf/libraries/pgflibraryplothan
dlers.code.tex
File: pgflibraryplothandlers.code.tex 2013/08/31 v3.0.1a (rcs-revision 1.20)
\pgf@plot@mark@count=\count143
\pgfplotmarksize=\dimen186
)
\tikz@lastx=\dimen187
\tikz@lasty=\dimen188
\tikz@lastxsaved=\dimen189
\tikz@lastysaved=\dimen190
\tikzleveldistance=\dimen191
\tikzsiblingdistance=\dimen192
\tikz@figbox=\box41
\tikz@figbox@bg=\box42
\tikz@tempbox=\box43
\tikz@tempbox@bg=\box44
\tikztreelevel=\count144
\tikznumberofchildren=\count145
\tikznumberofcurrentchild=\count146
\tikz@fig@count=\count147

(/usr/local/texlive/2018/texmf-dist/tex/generic/pgf/modules/pgfmodulematrix.cod
e.tex
File: pgfmodulematrix.code.tex 2013/09/17  (rcs-revision 1.8)
\pgfmatrixcurrentrow=\count148
\pgfmatrixcurrentcolumn=\count149
\pgf@matrix@numberofcolumns=\count150
)
\tikz@expandcount=\count151

(/usr/local/texlive/2018/texmf-dist/tex/generic/pgf/frontendlayer/tikz/librarie
s/tikzlibrarytopaths.code.tex
File: tikzlibrarytopaths.code.tex 2008/06/17 v3.0.1a (rcs-revision 1.2)
))) (/usr/local/texlive/2018/texmf-dist/tex/latex/float/float.sty
Package: float 2001/11/08 v1.3d Float enhancements (AL)
\c@float@type=\count152
\float@exts=\toks39
\float@box=\box45
\@float@everytoks=\toks40
\@floatcapt=\box46
) (/usr/local/texlive/2018/texmf-dist/tex/latex/fancyhdr/fancyhdr.sty
Package: fancyhdr 2017/06/30 v3.9a Extensive control of page headers and footer
s
\f@nch@headwidth=\skip53
\f@nch@O@elh=\skip54
\f@nch@O@erh=\skip55
\f@nch@O@olh=\skip56
\f@nch@O@orh=\skip57
\f@nch@O@elf=\skip58
\f@nch@O@erf=\skip59
\f@nch@O@olf=\skip60
\f@nch@O@orf=\skip61
) (/usr/local/texlive/2018/texmf-dist/tex/latex/tools/calc.sty
Package: calc 2017/05/25 v4.3 Infix arithmetic (KKT,FJ)
\calc@Acount=\count153
\calc@Bcount=\count154
\calc@Adimen=\dimen193
\calc@Bdimen=\dimen194
\calc@Askip=\skip62
\calc@Bskip=\skip63
LaTeX Info: Redefining \setlength on input line 80.
LaTeX Info: Redefining \addtolength on input line 81.
\calc@Ccount=\count155
\calc@Cskip=\skip64
) (/usr/local/texlive/2018/texmf-dist/tex/latex/amscls/amsthm.sty
Package: amsthm 2017/10/31 v2.20.4
\thm@style=\toks41
\thm@bodyfont=\toks42
\thm@headfont=\toks43
\thm@notefont=\toks44
\thm@headpunct=\toks45
\thm@preskip=\skip65
\thm@postskip=\skip66
\thm@headsep=\skip67
\dth@everypar=\toks46
) (/usr/local/texlive/2018/texmf-dist/tex/latex/jknapltx/mathrsfs.sty
Package: mathrsfs 1996/01/01 Math RSFS package v1.0 (jk)
\symrsfs=\mathgroup6
) (/usr/local/texlive/2018/texmf-dist/tex/latex/listings/listings.sty
\lst@mode=\count156
\lst@gtempboxa=\box47
\lst@token=\toks47
\lst@length=\count157
\lst@currlwidth=\dimen195
\lst@column=\count158
\lst@pos=\count159
\lst@lostspace=\dimen196
\lst@width=\dimen197
\lst@newlines=\count160
\lst@lineno=\count161
\lst@maxwidth=\dimen198
(/usr/local/texlive/2018/texmf-dist/tex/latex/listings/lstmisc.sty
File: lstmisc.sty 2015/06/04 1.6 (Carsten Heinz)
\c@lstnumber=\count162
\lst@skipnumbers=\count163
\lst@framebox=\box48
) (/usr/local/texlive/2018/texmf-dist/tex/latex/listings/listings.cfg
File: listings.cfg 2015/06/04 1.6 listings configuration
))
Package: listings 2015/06/04 1.6 (Carsten Heinz)
(/usr/local/texlive/2018/texmf-dist/tex/latex/tools/array.sty
Package: array 2018/04/07 v2.4g Tabular extension package (FMi)
\col@sep=\dimen199
\ar@mcellbox=\box49
\extrarowheight=\dimen256
\NC@list=\toks48
\extratabsurround=\skip68
\backup@length=\skip69
\ar@cellbox=\box50
) (/usr/local/texlive/2018/texmf-dist/tex/latex/multirow/multirow.sty
Package: multirow 2016/11/25 v2.2 Span multiple rows of a table
\multirow@colwidth=\skip70
\multirow@cntb=\count164
\multirow@dima=\skip71
\bigstrutjot=\dimen257
) (/usr/local/texlive/2018/texmf-dist/tex/latex/wrapfig/wrapfig.sty
\wrapoverhang=\dimen258
\WF@size=\dimen259
\c@WF@wrappedlines=\count165
\WF@box=\box51
\WF@everypar=\toks49
Package: wrapfig 2003/01/31  v 3.6
) (/usr/local/texlive/2018/texmf-dist/tex/latex/colortbl/colortbl.sty
Package: colortbl 2012/02/13 v1.0a Color table columns (DPC)
\everycr=\toks50
\minrowclearance=\skip72
) (/usr/local/texlive/2018/texmf-dist/tex/latex/oberdiek/pdflscape.sty
Package: pdflscape 2016/05/14 v0.11 Display of landscape pages in PDF (HO)
(/usr/local/texlive/2018/texmf-dist/tex/latex/graphics/lscape.sty
Package: lscape 2000/10/22 v3.01 Landscape Pages (DPC)
)
Package pdflscape Info: Auto-detected driver: pdftex on input line 81.
) (/usr/local/texlive/2018/texmf-dist/tex/latex/tabu/tabu.sty
Package: tabu 2011/02/26 v2.8 - flexible LaTeX tabulars (FC)
(/usr/local/texlive/2018/texmf-dist/tex/latex/varwidth/varwidth.sty
Package: varwidth 2009/03/30 ver 0.92;  Variable-width minipages
\@vwid@box=\box52
\sift@deathcycles=\count166
\@vwid@loff=\dimen260
\@vwid@roff=\dimen261
)
\c@taburow=\count167
\tabu@nbcols=\count168
\tabu@cnt=\count169
\tabu@Xcol=\count170
\tabu@alloc=\count171
\tabu@nested=\count172
\tabu@target=\dimen262
\tabu@spreadtarget=\dimen263
\tabu@naturalX=\dimen264
\tabucolX=\dimen265
\tabu@Xsum=\dimen266
\extrarowdepth=\dimen267
\abovetabulinesep=\dimen268
\belowtabulinesep=\dimen269
\tabustrutrule=\dimen270
\tabu@thebody=\toks51
\tabu@footnotes=\toks52
\tabu@box=\box53
\tabu@arstrutbox=\box54
\tabu@hleads=\box55
\tabu@vleads=\box56
\tabu@cellskip=\skip73
)
(/usr/local/texlive/2018/texmf-dist/tex/latex/threeparttable/threeparttable.sty
Package: threeparttable 2003/06/13  v 3.0
\@tempboxb=\box57
)
(/usr/local/texlive/2018/texmf-dist/tex/latex/threeparttablex/threeparttablex.s
ty
Package: threeparttablex 2013/07/23 v0.3 by daleif
(/usr/local/texlive/2018/texmf-dist/tex/latex/environ/environ.sty
Package: environ 2014/05/04 v0.3 A new way to define environments
(/usr/local/texlive/2018/texmf-dist/tex/latex/trimspaces/trimspaces.sty
Package: trimspaces 2009/09/17 v1.1 Trim spaces around a token list
))
\TPTL@width=\skip74
) (/usr/local/texlive/2018/texmf-dist/tex/generic/ulem/ulem.sty
\UL@box=\box58
\UL@hyphenbox=\box59
\UL@skip=\skip75
\UL@hook=\toks53
\UL@height=\dimen271
\UL@pe=\count173
\UL@pixel=\dimen272
\ULC@box=\box60
Package: ulem 2012/05/18
\ULdepth=\dimen273
) (/usr/local/texlive/2018/texmf-dist/tex/latex/makecell/makecell.sty
Package: makecell 2009/08/03 V0.1e Managing of Tab Column Heads and Cells
\rotheadsize=\dimen274
\c@nlinenum=\count174
\TeXr@lab=\toks54
) (/usr/local/texlive/2018/texmf-dist/tex/latex/natbib/natbib.sty
Package: natbib 2010/09/13 8.31b (PWD, AO)
\bibhang=\skip76
\bibsep=\skip77
LaTeX Info: Redefining \cite on input line 694.
\c@NAT@ctr=\count175
) (./_main.aux
LaTeX Info: Redefining \. on input line 25.
LaTeX Info: Redefining \% on input line 25.
)
\openout1 = `_main.aux'.

LaTeX Font Info:    Checking defaults for OML/cmm/m/it on input line 161.
LaTeX Font Info:    ... okay on input line 161.
LaTeX Font Info:    Checking defaults for T1/cmr/m/n on input line 161.
LaTeX Font Info:    ... okay on input line 161.
LaTeX Font Info:    Checking defaults for OT1/cmr/m/n on input line 161.
LaTeX Font Info:    ... okay on input line 161.
LaTeX Font Info:    Checking defaults for OMS/cmsy/m/n on input line 161.
LaTeX Font Info:    ... okay on input line 161.
LaTeX Font Info:    Checking defaults for OMX/cmex/m/n on input line 161.
LaTeX Font Info:    ... okay on input line 161.
LaTeX Font Info:    Checking defaults for U/cmr/m/n on input line 161.
LaTeX Font Info:    ... okay on input line 161.
LaTeX Font Info:    Checking defaults for TS1/cmr/m/n on input line 161.
LaTeX Font Info:    Try loading font information for TS1+cmr on input line 161.

(/usr/local/texlive/2018/texmf-dist/tex/latex/base/ts1cmr.fd
File: ts1cmr.fd 2014/09/29 v2.5h Standard LaTeX font definitions
)
LaTeX Font Info:    ... okay on input line 161.
LaTeX Font Info:    Checking defaults for PD1/pdf/m/n on input line 161.
LaTeX Font Info:    ... okay on input line 161.
LaTeX Font Info:    Checking defaults for PU/pdf/m/n on input line 161.
LaTeX Font Info:    ... okay on input line 161.
LaTeX Font Info:    Try loading font information for T1+lmr on input line 161.
(/usr/local/texlive/2018/texmf-dist/tex/latex/lm/t1lmr.fd
File: t1lmr.fd 2009/10/30 v1.6 Font defs for Latin Modern
)
LaTeX Info: Redefining \microtypecontext on input line 161.
Package microtype Info: Generating PDF output.
Package microtype Info: Character protrusion enabled (level 2).
Package microtype Info: Using protrusion set `basicmath'.
Package microtype Info: Automatic font expansion enabled (level 2),
(microtype)             stretch: 20, shrink: 20, step: 1, non-selected.
Package microtype Info: Using default expansion set `basictext'.
Package microtype Info: No adjustment of tracking.
Package microtype Info: No adjustment of interword spacing.
Package microtype Info: No adjustment of character kerning.
(/usr/local/texlive/2018/texmf-dist/tex/latex/microtype/mt-cmr.cfg
File: mt-cmr.cfg 2013/05/19 v2.2 microtype config. file: Computer Modern Roman 
(RS)
) (/usr/local/texlive/2018/texmf-dist/tex/context/base/mkii/supp-pdf.mkii
[Loading MPS to PDF converter (version 2006.09.02).]
\scratchcounter=\count176
\scratchdimen=\dimen275
\scratchbox=\box61
\nofMPsegments=\count177
\nofMParguments=\count178
\everyMPshowfont=\toks55
\MPscratchCnt=\count179
\MPscratchDim=\dimen276
\MPnumerator=\count180
\makeMPintoPDFobject=\count181
\everyMPtoPDFconversion=\toks56
) (/usr/local/texlive/2018/texmf-dist/tex/latex/oberdiek/epstopdf-base.sty
Package: epstopdf-base 2016/05/15 v2.6 Base part for package epstopdf
(/usr/local/texlive/2018/texmf-dist/tex/latex/oberdiek/grfext.sty
Package: grfext 2016/05/16 v1.2 Manage graphics extensions (HO)
)
Package epstopdf-base Info: Redefining graphics rule for `.eps' on input line 4
38.
Package grfext Info: Graphics extension search list:
(grfext)             [.pdf,.png,.jpg,.mps,.jpeg,.jbig2,.jb2,.PDF,.PNG,.JPG,.JPE
G,.JBIG2,.JB2,.eps]
(grfext)             \AppendGraphicsExtensions on input line 456.
(/usr/local/texlive/2018/texmf-dist/tex/latex/latexconfig/epstopdf-sys.cfg
File: epstopdf-sys.cfg 2010/07/13 v1.3 Configuration of (r)epstopdf for TeX Liv
e
))
\AtBeginShipoutBox=\box62
Package hyperref Info: Link coloring OFF on input line 161.
(/usr/local/texlive/2018/texmf-dist/tex/latex/hyperref/nameref.sty
Package: nameref 2016/05/21 v2.44 Cross-referencing by name of section
(/usr/local/texlive/2018/texmf-dist/tex/generic/oberdiek/gettitlestring.sty
Package: gettitlestring 2016/05/16 v1.5 Cleanup title references (HO)
)
\c@section@level=\count182
)
LaTeX Info: Redefining \ref on input line 161.
LaTeX Info: Redefining \pageref on input line 161.
LaTeX Info: Redefining \nameref on input line 161.
*geometry* driver: auto-detecting
*geometry* detected driver: pdftex
*geometry* verbose mode - [ preamble ] result:
* driver: pdftex
* paper: a4paper
* layout: <same size as paper>
* layoutoffset:(h,v)=(0.0pt,0.0pt)
* modes: 
* h-part:(L,W,R)=(72.26999pt, 452.9679pt, 72.26999pt)
* v-part:(T,H,B)=(72.26999pt, 700.50687pt, 72.26999pt)
* \paperwidth=597.50787pt
* \paperheight=845.04684pt
* \textwidth=452.9679pt
* \textheight=700.50687pt
* \oddsidemargin=0.0pt
* \evensidemargin=0.0pt
* \topmargin=-30.06749pt
* \headheight=12.0pt
* \headsep=18.06749pt
* \topskip=10.0pt
* \footskip=25.29494pt
* \marginparwidth=61.0pt
* \marginparsep=7.0pt
* \columnsep=10.0pt
* \skip\footins=9.0pt plus 4.0pt minus 2.0pt
* \hoffset=0.0pt
* \voffset=0.0pt
* \mag=1000
* \@twocolumnfalse
* \@twosidefalse
* \@mparswitchfalse
* \@reversemarginfalse
* (1in=72.27pt=25.4mm, 1cm=28.453pt)

LaTeX Info: Redefining \. on input line 161.
LaTeX Info: Redefining \% on input line 161.
ABD: EveryShipout initializing macros
\c@lstlisting=\count183
LaTeX Font Info:    Try loading font information for OT1+lmr on input line 163.

(/usr/local/texlive/2018/texmf-dist/tex/latex/lm/ot1lmr.fd
File: ot1lmr.fd 2009/10/30 v1.6 Font defs for Latin Modern
)
LaTeX Font Info:    Try loading font information for OML+lmm on input line 163.

(/usr/local/texlive/2018/texmf-dist/tex/latex/lm/omllmm.fd
File: omllmm.fd 2009/10/30 v1.6 Font defs for Latin Modern
)
LaTeX Font Info:    Try loading font information for OMS+lmsy on input line 163
.
(/usr/local/texlive/2018/texmf-dist/tex/latex/lm/omslmsy.fd
File: omslmsy.fd 2009/10/30 v1.6 Font defs for Latin Modern
)
LaTeX Font Info:    Try loading font information for OMX+lmex on input line 163
.
(/usr/local/texlive/2018/texmf-dist/tex/latex/lm/omxlmex.fd
File: omxlmex.fd 2009/10/30 v1.6 Font defs for Latin Modern
)
LaTeX Font Info:    External font `lmex10' loaded for size
(Font)              <12> on input line 163.
LaTeX Font Info:    External font `lmex10' loaded for size
(Font)              <8> on input line 163.
LaTeX Font Info:    External font `lmex10' loaded for size
(Font)              <6> on input line 163.
LaTeX Font Info:    Try loading font information for U+msa on input line 163.
(/usr/local/texlive/2018/texmf-dist/tex/latex/amsfonts/umsa.fd
File: umsa.fd 2013/01/14 v3.01 AMS symbols A
) (/usr/local/texlive/2018/texmf-dist/tex/latex/microtype/mt-msa.cfg
File: mt-msa.cfg 2006/02/04 v1.1 microtype config. file: AMS symbols (a) (RS)
)
LaTeX Font Info:    Try loading font information for U+msb on input line 163.
(/usr/local/texlive/2018/texmf-dist/tex/latex/amsfonts/umsb.fd
File: umsb.fd 2013/01/14 v3.01 AMS symbols B
) (/usr/local/texlive/2018/texmf-dist/tex/latex/microtype/mt-msb.cfg
File: mt-msb.cfg 2005/06/01 v1.0 microtype config. file: AMS symbols (b) (RS)
)
LaTeX Font Info:    Try loading font information for U+rsfs on input line 163.
(/usr/local/texlive/2018/texmf-dist/tex/latex/jknapltx/ursfs.fd
File: ursfs.fd 1998/03/24 rsfs font definition file (jk)
) [1


{/usr/local/texlive/2018/texmf-var/fonts/map/pdftex/updmap/pdftex.map}] (./_mai
n.toc
LaTeX Info: Redefining \. on input line 1.
LaTeX Info: Redefining \% on input line 1.
LaTeX Font Info:    External font `lmex10' loaded for size
(Font)              <10> on input line 4.
LaTeX Font Info:    External font `lmex10' loaded for size
(Font)              <7> on input line 4.
LaTeX Font Info:    External font `lmex10' loaded for size
(Font)              <5> on input line 4.
pdfTeX warning (ext4): destination with the same identifier (name{page.1}) has 
been already used, duplicate ignored
<to be read again> 
                   \relax 
l.43 ...ne {6}Prueba de Cox Stuart}{39}{chapter.6}
                                                   [1

]
LaTeX Info: Redefining \. on input line 96.
LaTeX Info: Redefining \% on input line 96.
[2]
LaTeX Info: Redefining \. on input line 150.
LaTeX Info: Redefining \% on input line 150.
[3]
LaTeX Info: Redefining \. on input line 201.
LaTeX Info: Redefining \% on input line 201.
[4])
\tf@toc=\write5
\openout5 = `_main.toc'.

LaTeX Info: Redefining \. on input line 169.
LaTeX Info: Redefining \% on input line 169.
[5] [6

]
LaTeX Info: Redefining \. on input line 244.
LaTeX Info: Redefining \% on input line 244.
[7] [8

]
Cap\'{\i }tulo 1.
[9

]
LaTeX Info: Redefining \. on input line 290.
LaTeX Info: Redefining \% on input line 290.
[10]

LaTeX Warning: Command \' invalid in math mode on input line 293.

[11

]
Cap\'{\i }tulo 2.
[12

]
LaTeX Info: Redefining \. on input line 385.
LaTeX Info: Redefining \% on input line 385.
[13]
LaTeX Info: Redefining \. on input line 435.
LaTeX Info: Redefining \% on input line 435.
[14]
LaTeX Info: Redefining \. on input line 502.
LaTeX Info: Redefining \% on input line 502.
[15]

LaTeX Warning: Command \' invalid in math mode on input line 526.

LaTeX Info: Redefining \. on input line 580.
LaTeX Info: Redefining \% on input line 580.
[16]
LaTeX Font Info:    Try loading font information for T1+lmtt on input line 592.

(/usr/local/texlive/2018/texmf-dist/tex/latex/lm/t1lmtt.fd
File: t1lmtt.fd 2009/10/30 v1.6 Font defs for Latin Modern
)
LaTeX Font Info:    Font shape `T1/lmtt/bx/n' in size <10> not available
(Font)              Font shape `T1/lmtt/b/n' tried instead on input line 600.
<_main_files/figure-latex/unnamed-chunk-4-1.pdf, id=600, 448.67625pt x 247.9262
5pt>
File: _main_files/figure-latex/unnamed-chunk-4-1.pdf Graphic file (type pdf)
<use _main_files/figure-latex/unnamed-chunk-4-1.pdf>
Package pdftex.def Info: _main_files/figure-latex/unnamed-chunk-4-1.pdf  used o
n input line 625.
(pdftex.def)             Requested size: 448.67516pt x 247.92564pt.
LaTeX Info: Redefining \. on input line 625.
LaTeX Info: Redefining \% on input line 625.
[17]
LaTeX Info: Redefining \. on input line 662.
LaTeX Info: Redefining \% on input line 662.
[18 <./_main_files/figure-latex/unnamed-chunk-4-1.pdf>]
Cap\'{\i }tulo 3.
[19

]
LaTeX Info: Redefining \. on input line 764.
LaTeX Info: Redefining \% on input line 764.
[20]
LaTeX Info: Redefining \. on input line 820.
LaTeX Info: Redefining \% on input line 820.
[21]
LaTeX Info: Redefining \. on input line 882.
LaTeX Info: Redefining \% on input line 882.
[22]
<_main_files/figure-latex/unnamed-chunk-7-1.pdf, id=673, 428.60126pt x 255.9562
5pt>
File: _main_files/figure-latex/unnamed-chunk-7-1.pdf Graphic file (type pdf)
<use _main_files/figure-latex/unnamed-chunk-7-1.pdf>
Package pdftex.def Info: _main_files/figure-latex/unnamed-chunk-7-1.pdf  used o
n input line 929.
(pdftex.def)             Requested size: 428.6002pt x 255.95561pt.
LaTeX Info: Redefining \. on input line 929.
LaTeX Info: Redefining \% on input line 929.
[23]
LaTeX Info: Redefining \. on input line 988.
LaTeX Info: Redefining \% on input line 988.
[24 <./_main_files/figure-latex/unnamed-chunk-7-1.pdf>]
LaTeX Info: Redefining \. on input line 1044.
LaTeX Info: Redefining \% on input line 1044.
[25]
Cap\'{\i }tulo 4.
[26

]
LaTeX Info: Redefining \. on input line 1149.
LaTeX Info: Redefining \% on input line 1149.
[27]
LaTeX Info: Redefining \. on input line 1204.
LaTeX Info: Redefining \% on input line 1204.
[28]

LaTeX Warning: Command \' invalid in math mode on input line 1271.

LaTeX Info: Redefining \. on input line 1273.
LaTeX Info: Redefining \% on input line 1273.
[29]
<_main_files/figure-latex/unnamed-chunk-11-1.pdf, id=750, 428.60126pt x 247.926
25pt>
File: _main_files/figure-latex/unnamed-chunk-11-1.pdf Graphic file (type pdf)
<use _main_files/figure-latex/unnamed-chunk-11-1.pdf>
Package pdftex.def Info: _main_files/figure-latex/unnamed-chunk-11-1.pdf  used 
on input line 1339.
(pdftex.def)             Requested size: 428.6002pt x 247.92564pt.
LaTeX Info: Redefining \. on input line 1339.
LaTeX Info: Redefining \% on input line 1339.
[30]
LaTeX Info: Redefining \. on input line 1441.
LaTeX Info: Redefining \% on input line 1441.
[31 <./_main_files/figure-latex/unnamed-chunk-11-1.pdf>]
LaTeX Info: Redefining \. on input line 1515.
LaTeX Info: Redefining \% on input line 1515.
[32]
Cap\'{\i }tulo 5.

LaTeX Warning: Command \' invalid in math mode on input line 1529.


LaTeX Warning: Command \' invalid in math mode on input line 1529.


LaTeX Warning: Command \' invalid in math mode on input line 1531.


LaTeX Warning: Command \' invalid in math mode on input line 1531.


LaTeX Warning: Command \' invalid in math mode on input line 1550.


LaTeX Warning: Command \' invalid in math mode on input line 1550.


LaTeX Warning: Command \' invalid in math mode on input line 1552.


LaTeX Warning: Command \' invalid in math mode on input line 1552.

[33

]
LaTeX Info: Redefining \. on input line 1631.
LaTeX Info: Redefining \% on input line 1631.
[34]

LaTeX Warning: Command \' invalid in math mode on input line 1634.

LaTeX Info: Redefining \. on input line 1701.
LaTeX Info: Redefining \% on input line 1701.
[35]
<_main_files/figure-latex/unnamed-chunk-16-1.pdf, id=814, 430.60875pt x 247.926
25pt>
File: _main_files/figure-latex/unnamed-chunk-16-1.pdf Graphic file (type pdf)
<use _main_files/figure-latex/unnamed-chunk-16-1.pdf>
Package pdftex.def Info: _main_files/figure-latex/unnamed-chunk-16-1.pdf  used 
on input line 1744.
(pdftex.def)             Requested size: 430.60768pt x 247.92564pt.
LaTeX Info: Redefining \. on input line 1744.
LaTeX Info: Redefining \% on input line 1744.
[36]
LaTeX Font Info:    Try loading font information for TS1+lmtt on input line 181
5.
(/usr/local/texlive/2018/texmf-dist/tex/latex/lm/ts1lmtt.fd
File: ts1lmtt.fd 2009/10/30 v1.6 Font defs for Latin Modern
)
LaTeX Info: Redefining \. on input line 1815.
LaTeX Info: Redefining \% on input line 1815.
[37 <./_main_files/figure-latex/unnamed-chunk-16-1.pdf>]
LaTeX Info: Redefining \. on input line 1858.
LaTeX Info: Redefining \% on input line 1858.
[38]
Cap\'{\i }tulo 6.
[39

]
LaTeX Info: Redefining \. on input line 1955.
LaTeX Info: Redefining \% on input line 1955.
[40]
LaTeX Info: Redefining \. on input line 2010.
LaTeX Info: Redefining \% on input line 2010.
[41]

LaTeX Warning: Command \' invalid in math mode on input line 2073.

LaTeX Info: Redefining \. on input line 2075.
LaTeX Info: Redefining \% on input line 2075.
[42]
<_main_files/figure-latex/unnamed-chunk-22-1.pdf, id=889, 430.60875pt x 247.926
25pt>
File: _main_files/figure-latex/unnamed-chunk-22-1.pdf Graphic file (type pdf)
<use _main_files/figure-latex/unnamed-chunk-22-1.pdf>
Package pdftex.def Info: _main_files/figure-latex/unnamed-chunk-22-1.pdf  used 
on input line 2138.
(pdftex.def)             Requested size: 430.60768pt x 247.92564pt.
LaTeX Info: Redefining \. on input line 2138.
LaTeX Info: Redefining \% on input line 2138.
[43]
LaTeX Info: Redefining \. on input line 2213.
LaTeX Info: Redefining \% on input line 2213.
[44 <./_main_files/figure-latex/unnamed-chunk-22-1.pdf>]
LaTeX Info: Redefining \. on input line 2285.
LaTeX Info: Redefining \% on input line 2285.
[45] [46

]
Cap\'{\i }tulo 7.
[47

]
LaTeX Info: Redefining \. on input line 2409.
LaTeX Info: Redefining \% on input line 2409.
[48]
LaTeX Info: Redefining \. on input line 2460.
LaTeX Info: Redefining \% on input line 2460.
[49]
LaTeX Info: Redefining \. on input line 2524.
LaTeX Info: Redefining \% on input line 2524.
[50]
LaTeX Info: Redefining \. on input line 2576.
LaTeX Info: Redefining \% on input line 2576.
[51]
LaTeX Info: Redefining \. on input line 2663.
LaTeX Info: Redefining \% on input line 2663.
[52]
LaTeX Info: Redefining \. on input line 2745.
LaTeX Info: Redefining \% on input line 2745.
[53]
Cap\'{\i }tulo 8.

LaTeX Warning: Command \' invalid in math mode on input line 2778.

[54

]
LaTeX Info: Redefining \. on input line 2851.
LaTeX Info: Redefining \% on input line 2851.
[55]
Cap\'{\i }tulo 9.

LaTeX Warning: Command \' invalid in math mode on input line 2859.


LaTeX Warning: Command \' invalid in math mode on input line 2860.

[56

]

LaTeX Warning: Command \' invalid in math mode on input line 2916.


LaTeX Warning: Command \' invalid in math mode on input line 2916.

LaTeX Info: Redefining \. on input line 2948.
LaTeX Info: Redefining \% on input line 2948.
[57]
LaTeX Info: Redefining \. on input line 3003.
LaTeX Info: Redefining \% on input line 3003.
[58]
LaTeX Info: Redefining \. on input line 3091.
LaTeX Info: Redefining \% on input line 3091.
[59]
LaTeX Info: Redefining \. on input line 3148.
LaTeX Info: Redefining \% on input line 3148.
[60]
LaTeX Info: Redefining \. on input line 3232.
LaTeX Info: Redefining \% on input line 3232.
[61]
LaTeX Info: Redefining \. on input line 3317.
LaTeX Info: Redefining \% on input line 3317.
[62]
Cap\'{\i }tulo 10.

LaTeX Warning: Command \' invalid in math mode on input line 3330.

[63

]

LaTeX Warning: Command \' invalid in math mode on input line 3379.

LaTeX Info: Redefining \. on input line 3415.
LaTeX Info: Redefining \% on input line 3415.
[64]
LaTeX Info: Redefining \. on input line 3467.
LaTeX Info: Redefining \% on input line 3467.
[65]
Overfull \hbox (31.1434pt too wide) detected at line 3538
[]
 []

LaTeX Info: Redefining \. on input line 3538.
LaTeX Info: Redefining \% on input line 3538.
[66]
LaTeX Info: Redefining \. on input line 3576.
LaTeX Info: Redefining \% on input line 3576.
[67]
LaTeX Info: Redefining \. on input line 3661.
LaTeX Info: Redefining \% on input line 3661.
[68]
Underfull \vbox (badness 1275) detected at line 3727
 []

LaTeX Info: Redefining \. on input line 3727.
LaTeX Info: Redefining \% on input line 3727.
[69]
LaTeX Info: Redefining \. on input line 3813.
LaTeX Info: Redefining \% on input line 3813.
[70]
LaTeX Info: Redefining \. on input line 3913.
LaTeX Info: Redefining \% on input line 3913.
[71]
LaTeX Info: Redefining \. on input line 3959.
LaTeX Info: Redefining \% on input line 3959.
[72]
Cap\'{\i }tulo 11.

LaTeX Warning: Command \' invalid in math mode on input line 3969.

[73

]
LaTeX Info: Redefining \. on input line 4056.
LaTeX Info: Redefining \% on input line 4056.
[74]
LaTeX Info: Redefining \. on input line 4115.
LaTeX Info: Redefining \% on input line 4115.
[75]
LaTeX Info: Redefining \. on input line 4178.
LaTeX Info: Redefining \% on input line 4178.
[76]
LaTeX Info: Redefining \. on input line 4223.
LaTeX Info: Redefining \% on input line 4223.
[77] [78

]
Cap\'{\i }tulo 12.
[79

]

LaTeX Warning: Command \' invalid in math mode on input line 4348.


LaTeX Warning: Command \' invalid in math mode on input line 4348.

LaTeX Info: Redefining \. on input line 4375.
LaTeX Info: Redefining \% on input line 4375.
[80]

LaTeX Warning: Command \' invalid in math mode on input line 4379.


LaTeX Warning: Command \' invalid in math mode on input line 4379.


LaTeX Warning: Command \' invalid in math mode on input line 4406.


LaTeX Warning: Command \' invalid in math mode on input line 4406.

LaTeX Info: Redefining \. on input line 4429.
LaTeX Info: Redefining \% on input line 4429.
[81]
LaTeX Info: Redefining \. on input line 4484.
LaTeX Info: Redefining \% on input line 4484.
[82]
LaTeX Info: Redefining \. on input line 4557.
LaTeX Info: Redefining \% on input line 4557.
[83]
LaTeX Info: Redefining \. on input line 4627.
LaTeX Info: Redefining \% on input line 4627.
[84]
Cap\'{\i }tulo 13.
[85

]

LaTeX Warning: Command \' invalid in math mode on input line 4686.


LaTeX Warning: Command \' invalid in math mode on input line 4686.


LaTeX Warning: Command \' invalid in math mode on input line 4687.


LaTeX Warning: Command \' invalid in math mode on input line 4687.


LaTeX Warning: Command \' invalid in math mode on input line 4691.


LaTeX Warning: Command \' invalid in math mode on input line 4691.


LaTeX Warning: Command \' invalid in math mode on input line 4695.


LaTeX Warning: Command \' invalid in math mode on input line 4695.

LaTeX Info: Redefining \. on input line 4733.
LaTeX Info: Redefining \% on input line 4733.
[86]

LaTeX Warning: Command \' invalid in math mode on input line 4759.


LaTeX Warning: Command \' invalid in math mode on input line 4761.


LaTeX Warning: Command \' invalid in math mode on input line 4763.


LaTeX Warning: Command \' invalid in math mode on input line 4765.


LaTeX Warning: Command \' invalid in math mode on input line 4767.


LaTeX Warning: Command \' invalid in math mode on input line 4767.

LaTeX Info: Redefining \. on input line 4803.
LaTeX Info: Redefining \% on input line 4803.
[87]
LaTeX Info: Redefining \. on input line 4875.
LaTeX Info: Redefining \% on input line 4875.
[88]
LaTeX Info: Redefining \. on input line 4978.
LaTeX Info: Redefining \% on input line 4978.
[89]
LaTeX Info: Redefining \. on input line 5023.
LaTeX Info: Redefining \% on input line 5023.
[90]
Cap\'{\i }tulo 14.
LaTeX Font Info:    External font `lmex10' loaded for size
(Font)              <24.88> on input line 5023.
LaTeX Font Info:    External font `lmex10' loaded for size
(Font)              <20.74> on input line 5023.
LaTeX Font Info:    External font `lmex10' loaded for size
(Font)              <17.28> on input line 5023.
LaTeX Font Info:    External font `lmex10' loaded for size
(Font)              <14.4> on input line 5029.

LaTeX Warning: Command \' invalid in math mode on input line 5035.


LaTeX Warning: Command \' invalid in math mode on input line 5035.


LaTeX Warning: Command \' invalid in math mode on input line 5037.


LaTeX Warning: Command \' invalid in math mode on input line 5064.


LaTeX Warning: Command \' invalid in math mode on input line 5064.

[91

]
LaTeX Info: Redefining \. on input line 5119.
LaTeX Info: Redefining \% on input line 5119.
[92]

LaTeX Warning: Command \' invalid in math mode on input line 5188.

LaTeX Info: Redefining \. on input line 5198.
LaTeX Info: Redefining \% on input line 5198.
[93]
LaTeX Info: Redefining \. on input line 5278.
LaTeX Info: Redefining \% on input line 5278.
[94]
LaTeX Info: Redefining \. on input line 5349.
LaTeX Info: Redefining \% on input line 5349.
[95]
LaTeX Info: Redefining \. on input line 5362.
LaTeX Info: Redefining \% on input line 5362.
[96]
Cap\'{\i }tulo 15.

LaTeX Warning: Command \' invalid in math mode on input line 5366.


LaTeX Warning: Command \' invalid in math mode on input line 5366.

[97

]
LaTeX Info: Redefining \. on input line 5453.
LaTeX Info: Redefining \% on input line 5453.
[98]
LaTeX Info: Redefining \. on input line 5508.
LaTeX Info: Redefining \% on input line 5508.
[99]
LaTeX Info: Redefining \. on input line 5594.
LaTeX Info: Redefining \% on input line 5594.
[100]
LaTeX Info: Redefining \. on input line 5703.
LaTeX Info: Redefining \% on input line 5703.
[101]
LaTeX Info: Redefining \. on input line 5731.
LaTeX Info: Redefining \% on input line 5731.
[102] [103

]
Cap\'{\i }tulo 16.
[104

]

LaTeX Warning: Command \' invalid in math mode on input line 5804.

LaTeX Info: Redefining \. on input line 5869.
LaTeX Info: Redefining \% on input line 5869.
[105]

LaTeX Warning: Command \' invalid in math mode on input line 5879.

LaTeX Info: Redefining \. on input line 5936.
LaTeX Info: Redefining \% on input line 5936.
[106]
LaTeX Info: Redefining \. on input line 6035.
LaTeX Info: Redefining \% on input line 6035.
[107]
LaTeX Info: Redefining \. on input line 6078.
LaTeX Info: Redefining \% on input line 6078.
[108]
Cap\'{\i }tulo 17.
<_main_files/figure-latex/unnamed-chunk-54-1.pdf, id=1364, 436.63126pt x 246.92
25pt>
File: _main_files/figure-latex/unnamed-chunk-54-1.pdf Graphic file (type pdf)
<use _main_files/figure-latex/unnamed-chunk-54-1.pdf>
Package pdftex.def Info: _main_files/figure-latex/unnamed-chunk-54-1.pdf  used 
on input line 6088.
(pdftex.def)             Requested size: 436.63019pt x 246.92188pt.
[109

 <./_main_files/figure-latex/unnamed-chunk-54-1.pdf>]
LaTeX Info: Redefining \. on input line 6143.
LaTeX Info: Redefining \% on input line 6143.
[110]
LaTeX Info: Redefining \. on input line 6197.
LaTeX Info: Redefining \% on input line 6197.
[111]
LaTeX Info: Redefining \. on input line 6275.
LaTeX Info: Redefining \% on input line 6275.
[112]
LaTeX Info: Redefining \. on input line 6332.
LaTeX Info: Redefining \% on input line 6332.
[113]
LaTeX Info: Redefining \. on input line 6414.
LaTeX Info: Redefining \% on input line 6414.
[114]
LaTeX Info: Redefining \. on input line 6414.
LaTeX Info: Redefining \% on input line 6414.
[115]
Cap\'{\i }tulo 18.

LaTeX Warning: Command \' invalid in math mode on input line 6450.

[116

]
LaTeX Info: Redefining \. on input line 6495.
LaTeX Info: Redefining \% on input line 6495.
[117]
Overfull \hbox (172.33978pt too wide) in paragraph at lines 6563--6586
 [][] 
 []

LaTeX Info: Redefining \. on input line 6587.
LaTeX Info: Redefining \% on input line 6587.
[118]
LaTeX Info: Redefining \. on input line 6650.
LaTeX Info: Redefining \% on input line 6650.
[119]
LaTeX Info: Redefining \. on input line 6692.
LaTeX Info: Redefining \% on input line 6692.
[120]
Cap\'{\i }tulo 19.
[121

]
LaTeX Info: Redefining \. on input line 6768.
LaTeX Info: Redefining \% on input line 6768.
[122]
Overfull \hbox (304.4505pt too wide) in paragraph at lines 6838--6861
 [][] 
 []

LaTeX Info: Redefining \. on input line 6862.
LaTeX Info: Redefining \% on input line 6862.
[123]
LaTeX Info: Redefining \. on input line 6914.
LaTeX Info: Redefining \% on input line 6914.
[124]
LaTeX Info: Redefining \. on input line 6989.
LaTeX Info: Redefining \% on input line 6989.
[125]
<_main_files/figure-latex/unnamed-chunk-65-1.pdf, id=1525, 436.63126pt x 213.79
875pt>
File: _main_files/figure-latex/unnamed-chunk-65-1.pdf Graphic file (type pdf)
<use _main_files/figure-latex/unnamed-chunk-65-1.pdf>
Package pdftex.def Info: _main_files/figure-latex/unnamed-chunk-65-1.pdf  used 
on input line 6991.
(pdftex.def)             Requested size: 436.63019pt x 213.79822pt.
LaTeX Info: Redefining \. on input line 7025.
LaTeX Info: Redefining \% on input line 7025.
[126 <./_main_files/figure-latex/unnamed-chunk-65-1.pdf>]
Cap\'{\i }tulo 20.
[127

]
LaTeX Info: Redefining \. on input line 7135.
LaTeX Info: Redefining \% on input line 7135.
[128]
Overfull \hbox (292.72804pt too wide) in paragraph at lines 7177--7200
 [][] 
 []

LaTeX Info: Redefining \. on input line 7230.
LaTeX Info: Redefining \% on input line 7230.
[129]
LaTeX Info: Redefining \. on input line 7310.
LaTeX Info: Redefining \% on input line 7310.
[130]
LaTeX Info: Redefining \. on input line 7333.
LaTeX Info: Redefining \% on input line 7333.
[131]
Cap\'{\i }tulo 21.
[132

]
LaTeX Info: Redefining \. on input line 7434.
LaTeX Info: Redefining \% on input line 7434.
[133]
LaTeX Info: Redefining \. on input line 7526.
LaTeX Info: Redefining \% on input line 7526.
[134]
LaTeX Info: Redefining \. on input line 7596.
LaTeX Info: Redefining \% on input line 7596.
[135]
LaTeX Info: Redefining \. on input line 7599.
LaTeX Info: Redefining \% on input line 7599.
[136]
Cap\'{\i }tulo 22.
[137

]
LaTeX Info: Redefining \. on input line 7732.
LaTeX Info: Redefining \% on input line 7732.
[138] [139

]
Cap\'{\i }tulo 23.
[140

]
LaTeX Info: Redefining \. on input line 7828.
LaTeX Info: Redefining \% on input line 7828.
[141]
LaTeX Info: Redefining \. on input line 7865.
LaTeX Info: Redefining \% on input line 7865.
[142]
LaTeX Info: Redefining \. on input line 7896.
LaTeX Info: Redefining \% on input line 7896.
[143]
LaTeX Info: Redefining \. on input line 7936.
LaTeX Info: Redefining \% on input line 7936.
[144]
LaTeX Info: Redefining \. on input line 7976.
LaTeX Info: Redefining \% on input line 7976.
[145]
LaTeX Info: Redefining \. on input line 8014.
LaTeX Info: Redefining \% on input line 8014.
[146]
LaTeX Info: Redefining \. on input line 8042.
LaTeX Info: Redefining \% on input line 8042.
[147]
LaTeX Info: Redefining \. on input line 8083.
LaTeX Info: Redefining \% on input line 8083.
[148]
LaTeX Info: Redefining \. on input line 8118.
LaTeX Info: Redefining \% on input line 8118.
[149]
LaTeX Info: Redefining \. on input line 8157.
LaTeX Info: Redefining \% on input line 8157.
[150]
Cap\'{\i }tulo 24.
[151

]
LaTeX Info: Redefining \. on input line 8260.
LaTeX Info: Redefining \% on input line 8260.
[152]
LaTeX Info: Redefining \. on input line 8302.
LaTeX Info: Redefining \% on input line 8302.
[153]
LaTeX Info: Redefining \. on input line 8338.
LaTeX Info: Redefining \% on input line 8338.
[154]
LaTeX Info: Redefining \. on input line 8375.
LaTeX Info: Redefining \% on input line 8375.
[155]
<_main_files/figure-latex/unnamed-chunk-76-1.pdf, id=1717, 436.63126pt x 247.92
625pt>
File: _main_files/figure-latex/unnamed-chunk-76-1.pdf Graphic file (type pdf)
<use _main_files/figure-latex/unnamed-chunk-76-1.pdf>
Package pdftex.def Info: _main_files/figure-latex/unnamed-chunk-76-1.pdf  used 
on input line 8449.
(pdftex.def)             Requested size: 436.63019pt x 247.92564pt.
LaTeX Info: Redefining \. on input line 8449.
LaTeX Info: Redefining \% on input line 8449.
[156]
LaTeX Info: Redefining \. on input line 8513.
LaTeX Info: Redefining \% on input line 8513.
[157 <./_main_files/figure-latex/unnamed-chunk-76-1.pdf>]
<_main_files/figure-latex/unnamed-chunk-84-1.pdf, id=1745, 436.63126pt x 212.79
5pt>
File: _main_files/figure-latex/unnamed-chunk-84-1.pdf Graphic file (type pdf)
<use _main_files/figure-latex/unnamed-chunk-84-1.pdf>
Package pdftex.def Info: _main_files/figure-latex/unnamed-chunk-84-1.pdf  used 
on input line 8529.
(pdftex.def)             Requested size: 436.63019pt x 212.79446pt.
LaTeX Info: Redefining \. on input line 8534.
LaTeX Info: Redefining \% on input line 8534.
[158 <./_main_files/figure-latex/unnamed-chunk-84-1.pdf>]
Cap\'{\i }tulo 25.
[159

]
LaTeX Info: Redefining \. on input line 8591.
LaTeX Info: Redefining \% on input line 8591.
[160]
LaTeX Info: Redefining \. on input line 8628.
LaTeX Info: Redefining \% on input line 8628.
[161]
LaTeX Info: Redefining \. on input line 8668.
LaTeX Info: Redefining \% on input line 8668.
[162]
LaTeX Info: Redefining \. on input line 8698.
LaTeX Info: Redefining \% on input line 8698.
[163]
LaTeX Info: Redefining \. on input line 8737.
LaTeX Info: Redefining \% on input line 8737.
[164]
LaTeX Info: Redefining \. on input line 8776.
LaTeX Info: Redefining \% on input line 8776.
[165]
Overfull \hbox (39.18929pt too wide) detected at line 8780
\OT1/lmr/bx/n/10 P [] \OT1/lmr/m/n/10 = 1 \OMS/lmsy/m/n/10 ^^@ \OML/lmm/m/it/10
 
 []


Overfull \hbox (86.4533pt too wide) detected at line 8782
\OT1/lmr/bx/n/10 P [] \OT1/lmr/m/n/10 = 1 \OMS/lmsy/m/n/10 ^^@ \OML/lmm/m/it/10
 
 []


Overfull \hbox (29.93643pt too wide) detected at line 8786
\OML/lmm/m/it/10 ^^L[] \OT1/lmr/m/n/10 + \OML/lmm/m/it/10 ^^L[]x[] \OT1/lmr/m/n
/10 + \OML/lmm/m/it/10 ^^O \OMS/lmsy/m/n/10 2 [] \OML/lmm/m/it/10 :
 []

LaTeX Info: Redefining \. on input line 8826.
LaTeX Info: Redefining \% on input line 8826.
[166]
<_main_files/figure-latex/unnamed-chunk-95-1.pdf, id=1801, 436.63126pt x 247.92
625pt>
File: _main_files/figure-latex/unnamed-chunk-95-1.pdf Graphic file (type pdf)
<use _main_files/figure-latex/unnamed-chunk-95-1.pdf>
Package pdftex.def Info: _main_files/figure-latex/unnamed-chunk-95-1.pdf  used 
on input line 8906.
(pdftex.def)             Requested size: 436.63019pt x 247.92564pt.
LaTeX Info: Redefining \. on input line 8906.
LaTeX Info: Redefining \% on input line 8906.
[167]
LaTeX Info: Redefining \. on input line 8947.
LaTeX Info: Redefining \% on input line 8947.
[168 <./_main_files/figure-latex/unnamed-chunk-95-1.pdf>]
Cap\'{\i }tulo 26.

LaTeX Warning: Command \' invalid in math mode on input line 8983.


LaTeX Warning: Command \' invalid in math mode on input line 8983.

[169

]

LaTeX Warning: Command \' invalid in math mode on input line 9021.


LaTeX Warning: Command \' invalid in math mode on input line 9021.

LaTeX Info: Redefining \. on input line 9037.
LaTeX Info: Redefining \% on input line 9037.
[170]

LaTeX Warning: Command \' invalid in math mode on input line 9050.


LaTeX Warning: Command \' invalid in math mode on input line 9050.


LaTeX Warning: Command \' invalid in math mode on input line 9053.

LaTeX Info: Redefining \. on input line 9088.
LaTeX Info: Redefining \% on input line 9088.
[171]
LaTeX Info: Redefining \. on input line 9130.
LaTeX Info: Redefining \% on input line 9130.
[172]
LaTeX Info: Redefining \. on input line 9181.
LaTeX Info: Redefining \% on input line 9181.
[173]

LaTeX Warning: Command \' invalid in math mode on input line 9196.


LaTeX Warning: Command \' invalid in math mode on input line 9236.


LaTeX Warning: Command \' invalid in math mode on input line 9237.


LaTeX Warning: Command \' invalid in math mode on input line 9237.


LaTeX Warning: Command \' invalid in math mode on input line 9238.


LaTeX Warning: Command \' invalid in math mode on input line 9238.


LaTeX Warning: Command \' invalid in math mode on input line 9239.


LaTeX Warning: Command \' invalid in math mode on input line 9240.


LaTeX Warning: Command \' invalid in math mode on input line 9241.


LaTeX Warning: Command \' invalid in math mode on input line 9242.

LaTeX Info: Redefining \. on input line 9252.
LaTeX Info: Redefining \% on input line 9252.
[174]
LaTeX Info: Redefining \. on input line 9308.
LaTeX Info: Redefining \% on input line 9308.
[175]
LaTeX Info: Redefining \. on input line 9371.
LaTeX Info: Redefining \% on input line 9371.
[176]
Cap\'{\i }tulo 27.
[177

]

LaTeX Warning: Command \' invalid in math mode on input line 9404.


LaTeX Warning: Command \' invalid in math mode on input line 9416.


LaTeX Warning: Command \' invalid in math mode on input line 9419.


LaTeX Warning: Command \' invalid in math mode on input line 9422.


LaTeX Warning: Command \' invalid in math mode on input line 9436.

LaTeX Info: Redefining \. on input line 9447.
LaTeX Info: Redefining \% on input line 9447.
[178]
<_main_files/figure-latex/unnamed-chunk-103-1.pdf, id=1886, 465.74pt x 246.9225
pt>
File: _main_files/figure-latex/unnamed-chunk-103-1.pdf Graphic file (type pdf)
<use _main_files/figure-latex/unnamed-chunk-103-1.pdf>
Package pdftex.def Info: _main_files/figure-latex/unnamed-chunk-103-1.pdf  used
 on input line 9460.
(pdftex.def)             Requested size: 452.98248pt x 240.1588pt.
<_main_files/figure-latex/unnamed-chunk-104-1.pdf, id=1887, 465.74pt x 246.9225
pt>
File: _main_files/figure-latex/unnamed-chunk-104-1.pdf Graphic file (type pdf)
<use _main_files/figure-latex/unnamed-chunk-104-1.pdf>
Package pdftex.def Info: _main_files/figure-latex/unnamed-chunk-104-1.pdf  used
 on input line 9462.
(pdftex.def)             Requested size: 452.98248pt x 240.1588pt.
LaTeX Info: Redefining \. on input line 9462.
LaTeX Info: Redefining \% on input line 9462.
[179 <./_main_files/figure-latex/unnamed-chunk-103-1.pdf>]
LaTeX Info: Redefining \. on input line 9482.
LaTeX Info: Redefining \% on input line 9482.
[180 <./_main_files/figure-latex/unnamed-chunk-104-1.pdf>]
<_main_files/figure-latex/unnamed-chunk-105-1.pdf, id=1933, 449.68pt x 248.93pt
>
File: _main_files/figure-latex/unnamed-chunk-105-1.pdf Graphic file (type pdf)
<use _main_files/figure-latex/unnamed-chunk-105-1.pdf>
Package pdftex.def Info: _main_files/figure-latex/unnamed-chunk-105-1.pdf  used
 on input line 9492.
(pdftex.def)             Requested size: 449.68575pt x 248.93317pt.
<_main_files/figure-latex/unnamed-chunk-105-2.pdf, id=1934, 449.68pt x 248.93pt
>
File: _main_files/figure-latex/unnamed-chunk-105-2.pdf Graphic file (type pdf)
<use _main_files/figure-latex/unnamed-chunk-105-2.pdf>
Package pdftex.def Info: _main_files/figure-latex/unnamed-chunk-105-2.pdf  used
 on input line 9494.
(pdftex.def)             Requested size: 449.68575pt x 248.93317pt.
LaTeX Info: Redefining \. on input line 9494.
LaTeX Info: Redefining \% on input line 9494.
[181 <./_main_files/figure-latex/unnamed-chunk-105-1.pdf>]
Overfull \hbox (21.65079pt too wide) detected at line 9510
[][] \OT1/lmr/m/n/10 :  []   \OML/lmm/m/it/10 ^^[[] \OT1/lmr/m/n/10 = \OML/lmm/
m/it/10 ^^[[]    vs    [][] \OT1/lmr/m/n/10 :  []   \OML/lmm/m/it/10 ^^[[] \OMS
/lmsy/m/n/10 6\OT1/lmr/m/n/10 = \OML/lmm/m/it/10 ^^[[]    \OMS/lmsy/m/n/10 8  \
OML/lmm/m/it/10 j \OT1/lmr/m/n/10 = 1\OML/lmm/m/it/10 ; [] ; n:
 []

LaTeX Info: Redefining \. on input line 9518.
LaTeX Info: Redefining \% on input line 9518.
[182 <./_main_files/figure-latex/unnamed-chunk-105-2.pdf>]
Overfull \hbox (19.42857pt too wide) detected at line 9542
[][] \OT1/lmr/m/n/10 :  []   \OML/lmm/m/it/10 ^^[[] \OT1/lmr/m/n/10 = \OML/lmm/
m/it/10 ^^[[]    vs    [][] \OT1/lmr/m/n/10 :  []   \OML/lmm/m/it/10 ^^[[] \OMS
/lmsy/m/n/10 6\OT1/lmr/m/n/10 = \OML/lmm/m/it/10 ^^[[]    \OMS/lmsy/m/n/10 8 \O
ML/lmm/m/it/10 j \OT1/lmr/m/n/10 = 1\OML/lmm/m/it/10 ; [] ; n:
 []

LaTeX Info: Redefining \. on input line 9569.
LaTeX Info: Redefining \% on input line 9569.
[183]
<_main_files/figure-latex/unnamed-chunk-111-1.pdf, id=1985, 436.63126pt x 212.7
95pt>
File: _main_files/figure-latex/unnamed-chunk-111-1.pdf Graphic file (type pdf)
<use _main_files/figure-latex/unnamed-chunk-111-1.pdf>
Package pdftex.def Info: _main_files/figure-latex/unnamed-chunk-111-1.pdf  used
 on input line 9624.
(pdftex.def)             Requested size: 436.63019pt x 212.79446pt.
LaTeX Info: Redefining \. on input line 9624.
LaTeX Info: Redefining \% on input line 9624.
[184]
<_main_files/figure-latex/unnamed-chunk-113-1.pdf, id=1991, 436.63126pt x 212.7
95pt>
File: _main_files/figure-latex/unnamed-chunk-113-1.pdf Graphic file (type pdf)
<use _main_files/figure-latex/unnamed-chunk-113-1.pdf>
Package pdftex.def Info: _main_files/figure-latex/unnamed-chunk-113-1.pdf  used
 on input line 9649.
(pdftex.def)             Requested size: 436.63019pt x 212.79446pt.
<_main_files/figure-latex/unnamed-chunk-115-1.pdf, id=1992, 436.63126pt x 212.7
95pt>
File: _main_files/figure-latex/unnamed-chunk-115-1.pdf Graphic file (type pdf)
<use _main_files/figure-latex/unnamed-chunk-115-1.pdf>
Package pdftex.def Info: _main_files/figure-latex/unnamed-chunk-115-1.pdf  used
 on input line 9674.
(pdftex.def)             Requested size: 436.63019pt x 212.79446pt.
LaTeX Info: Redefining \. on input line 9674.
LaTeX Info: Redefining \% on input line 9674.
[185 <./_main_files/figure-latex/unnamed-chunk-111-1.pdf> <./_main_files/figure
-latex/unnamed-chunk-113-1.pdf

pdfTeX warning: pdflatex (file ./_main_files/figure-latex/unnamed-chunk-113-1.p
df): PDF inclusion: multiple pdfs with page group included in a single page
>]
<_main_files/figure-latex/unnamed-chunk-116-1.pdf, id=2018, 436.63126pt x 246.9
225pt>
File: _main_files/figure-latex/unnamed-chunk-116-1.pdf Graphic file (type pdf)
<use _main_files/figure-latex/unnamed-chunk-116-1.pdf>
Package pdftex.def Info: _main_files/figure-latex/unnamed-chunk-116-1.pdf  used
 on input line 9687.
(pdftex.def)             Requested size: 436.63019pt x 246.92188pt.
LaTeX Info: Redefining \. on input line 9706.
LaTeX Info: Redefining \% on input line 9706.
[186 <./_main_files/figure-latex/unnamed-chunk-115-1.pdf> <./_main_files/figure
-latex/unnamed-chunk-116-1.pdf

pdfTeX warning: pdflatex (file ./_main_files/figure-latex/unnamed-chunk-116-1.p
df): PDF inclusion: multiple pdfs with page group included in a single page
>]
<_main_files/figure-latex/unnamed-chunk-118-1.pdf, id=2051, 436.63126pt x 247.9
2625pt>
File: _main_files/figure-latex/unnamed-chunk-118-1.pdf Graphic file (type pdf)
<use _main_files/figure-latex/unnamed-chunk-118-1.pdf>
Package pdftex.def Info: _main_files/figure-latex/unnamed-chunk-118-1.pdf  used
 on input line 9725.
(pdftex.def)             Requested size: 436.63019pt x 247.92564pt.
<_main_files/figure-latex/unnamed-chunk-119-1.pdf, id=2052, 436.63126pt x 212.7
95pt>
File: _main_files/figure-latex/unnamed-chunk-119-1.pdf Graphic file (type pdf)
<use _main_files/figure-latex/unnamed-chunk-119-1.pdf>
Package pdftex.def Info: _main_files/figure-latex/unnamed-chunk-119-1.pdf  used
 on input line 9731.
(pdftex.def)             Requested size: 436.63019pt x 212.79446pt.
LaTeX Info: Redefining \. on input line 9734.
LaTeX Info: Redefining \% on input line 9734.
[187 <./_main_files/figure-latex/unnamed-chunk-118-1.pdf> <./_main_files/figure
-latex/unnamed-chunk-119-1.pdf

pdfTeX warning: pdflatex (file ./_main_files/figure-latex/unnamed-chunk-119-1.p
df): PDF inclusion: multiple pdfs with page group included in a single page
>]
<_main_files/figure-latex/unnamed-chunk-120-1.pdf, id=2084, 436.63126pt x 212.7
95pt>
File: _main_files/figure-latex/unnamed-chunk-120-1.pdf Graphic file (type pdf)
<use _main_files/figure-latex/unnamed-chunk-120-1.pdf>
Package pdftex.def Info: _main_files/figure-latex/unnamed-chunk-120-1.pdf  used
 on input line 9741.
(pdftex.def)             Requested size: 436.63019pt x 212.79446pt.
LaTeX Info: Redefining \. on input line 9799.
LaTeX Info: Redefining \% on input line 9799.
[188 <./_main_files/figure-latex/unnamed-chunk-120-1.pdf>]
Overfull \hbox (8.47163pt too wide) detected at line 9809
[][] \OT1/lmr/m/n/10 : []0   \OML/lmm/m/it/10 vs   [][] \OT1/lmr/m/n/10 : [] \O
MS/lmsy/m/n/10 6\OT1/lmr/m/n/10 = 0
 []

LaTeX Info: Redefining \. on input line 9852.
LaTeX Info: Redefining \% on input line 9852.
[189]
<_main_files/figure-latex/unnamed-chunk-125-1.pdf, id=2108, 436.63126pt x 248.9
3pt>
File: _main_files/figure-latex/unnamed-chunk-125-1.pdf Graphic file (type pdf)
<use _main_files/figure-latex/unnamed-chunk-125-1.pdf>
Package pdftex.def Info: _main_files/figure-latex/unnamed-chunk-125-1.pdf  used
 on input line 9858.
(pdftex.def)             Requested size: 436.63019pt x 248.92938pt.
<_main_files/figure-latex/unnamed-chunk-126-1.pdf, id=2109, 436.63126pt x 255.9
5625pt>
File: _main_files/figure-latex/unnamed-chunk-126-1.pdf Graphic file (type pdf)
<use _main_files/figure-latex/unnamed-chunk-126-1.pdf>
Package pdftex.def Info: _main_files/figure-latex/unnamed-chunk-126-1.pdf  used
 on input line 9867.
(pdftex.def)             Requested size: 436.63019pt x 255.95561pt.
LaTeX Info: Redefining \. on input line 9867.
LaTeX Info: Redefining \% on input line 9867.
[190 <./_main_files/figure-latex/unnamed-chunk-125-1.pdf>]
<_main_files/figure-latex/unnamed-chunk-127-1.pdf, id=2133, 436.63126pt x 248.9
3pt>
File: _main_files/figure-latex/unnamed-chunk-127-1.pdf Graphic file (type pdf)
<use _main_files/figure-latex/unnamed-chunk-127-1.pdf>
Package pdftex.def Info: _main_files/figure-latex/unnamed-chunk-127-1.pdf  used
 on input line 9882.
(pdftex.def)             Requested size: 436.63019pt x 248.92938pt.
LaTeX Info: Redefining \. on input line 9882.
LaTeX Info: Redefining \% on input line 9882.
[191 <./_main_files/figure-latex/unnamed-chunk-126-1.pdf>]

LaTeX Warning: Command \' invalid in math mode on input line 9894.

LaTeX Info: Redefining \. on input line 9903.
LaTeX Info: Redefining \% on input line 9903.
[192 <./_main_files/figure-latex/unnamed-chunk-127-1.pdf>]
<_main_files/figure-latex/unnamed-chunk-128-1.pdf, id=2179, 433.62pt x 184.69pt
>
File: _main_files/figure-latex/unnamed-chunk-128-1.pdf Graphic file (type pdf)
<use _main_files/figure-latex/unnamed-chunk-128-1.pdf>
Package pdftex.def Info: _main_files/figure-latex/unnamed-chunk-128-1.pdf  used
 on input line 9916.
(pdftex.def)             Requested size: 433.61894pt x 184.68953pt.
[193

 <./_main_files/figure-latex/unnamed-chunk-128-1.pdf>]
LaTeX Info: Redefining \. on input line 9966.
LaTeX Info: Redefining \% on input line 9966.
[194]
Cap\'{\i }tulo 28.

LaTeX Warning: Command \' invalid in math mode on input line 10063.


LaTeX Warning: Command \~ invalid in math mode on input line 10075.

[195

]
LaTeX Info: Redefining \. on input line 10162.
LaTeX Info: Redefining \% on input line 10162.
[196]
LaTeX Info: Redefining \. on input line 10238.
LaTeX Info: Redefining \% on input line 10238.
[197]
LaTeX Info: Redefining \. on input line 10286.
LaTeX Info: Redefining \% on input line 10286.
[198]
LaTeX Info: Redefining \. on input line 10336.
LaTeX Info: Redefining \% on input line 10336.
[199]
LaTeX Info: Redefining \. on input line 10394.
LaTeX Info: Redefining \% on input line 10394.
[200]
LaTeX Info: Redefining \. on input line 10455.
LaTeX Info: Redefining \% on input line 10455.
[201]
LaTeX Info: Redefining \. on input line 10527.
LaTeX Info: Redefining \% on input line 10527.
[202]
LaTeX Info: Redefining \. on input line 10612.
LaTeX Info: Redefining \% on input line 10612.
[203]
LaTeX Info: Redefining \. on input line 10672.
LaTeX Info: Redefining \% on input line 10672.
[204]
LaTeX Info: Redefining \. on input line 10721.
LaTeX Info: Redefining \% on input line 10721.
[205]
LaTeX Info: Redefining \. on input line 10755.
LaTeX Info: Redefining \% on input line 10755.
[206]
Cap\'{\i }tulo 29.
[207

]
LaTeX Info: Redefining \. on input line 10824.
LaTeX Info: Redefining \% on input line 10824.
[208]
LaTeX Info: Redefining \. on input line 10868.
LaTeX Info: Redefining \% on input line 10868.
[209]
LaTeX Info: Redefining \. on input line 10906.
LaTeX Info: Redefining \% on input line 10906.
[210]
LaTeX Info: Redefining \. on input line 10955.
LaTeX Info: Redefining \% on input line 10955.
[211]
LaTeX Info: Redefining \. on input line 10992.
LaTeX Info: Redefining \% on input line 10992.
[212]
LaTeX Info: Redefining \. on input line 10995.
LaTeX Info: Redefining \% on input line 10995.
[213]
Cap\'{\i }tulo 30.

LaTeX Warning: Command \' invalid in math mode on input line 11022.


LaTeX Warning: Command \' invalid in math mode on input line 11022.

[214

]

LaTeX Warning: Command \' invalid in math mode on input line 11067.


LaTeX Warning: Command \' invalid in math mode on input line 11067.

LaTeX Info: Redefining \. on input line 11084.
LaTeX Info: Redefining \% on input line 11084.
[215]
LaTeX Info: Redefining \. on input line 11142.
LaTeX Info: Redefining \% on input line 11142.
[216]

LaTeX Warning: Command \' invalid in math mode on input line 11167.

LaTeX Info: Redefining \. on input line 11192.
LaTeX Info: Redefining \% on input line 11192.
[217]
LaTeX Info: Redefining \. on input line 11196.
LaTeX Info: Redefining \% on input line 11196.
[218]
Cap\'{\i }tulo 31.
[219

]

LaTeX Warning: Command \' invalid in math mode on input line 11238.

LaTeX Info: Redefining \. on input line 11294.
LaTeX Info: Redefining \% on input line 11294.
[220]

LaTeX Warning: Command \' invalid in math mode on input line 11311.

<_main_files/figure-latex/unnamed-chunk-132-1.pdf, id=2327, 419.5675pt x 247.92
625pt>
File: _main_files/figure-latex/unnamed-chunk-132-1.pdf Graphic file (type pdf)
<use _main_files/figure-latex/unnamed-chunk-132-1.pdf>
Package pdftex.def Info: _main_files/figure-latex/unnamed-chunk-132-1.pdf  used
 on input line 11348.
(pdftex.def)             Requested size: 419.56647pt x 247.92564pt.
LaTeX Info: Redefining \. on input line 11348.
LaTeX Info: Redefining \% on input line 11348.
[221]
<_main_files/figure-latex/unnamed-chunk-133-1.pdf, id=2332, 440.64626pt x 249.9
3375pt>
File: _main_files/figure-latex/unnamed-chunk-133-1.pdf Graphic file (type pdf)
<use _main_files/figure-latex/unnamed-chunk-133-1.pdf>
Package pdftex.def Info: _main_files/figure-latex/unnamed-chunk-133-1.pdf  used
 on input line 11360.
(pdftex.def)             Requested size: 440.65862pt x 249.94075pt.
<_main_files/figure-latex/unnamed-chunk-134-1.pdf, id=2333, 465.74pt x 249.9337
5pt>
File: _main_files/figure-latex/unnamed-chunk-134-1.pdf Graphic file (type pdf)
<use _main_files/figure-latex/unnamed-chunk-134-1.pdf>
Package pdftex.def Info: _main_files/figure-latex/unnamed-chunk-134-1.pdf  used
 on input line 11370.
(pdftex.def)             Requested size: 452.98248pt x 243.08759pt.
LaTeX Info: Redefining \. on input line 11370.
LaTeX Info: Redefining \% on input line 11370.
[222 <./_main_files/figure-latex/unnamed-chunk-132-1.pdf> <./_main_files/figure
-latex/unnamed-chunk-133-1.pdf

pdfTeX warning: pdflatex (file ./_main_files/figure-latex/unnamed-chunk-133-1.p
df): PDF inclusion: multiple pdfs with page group included in a single page
>]
<_main_files/figure-latex/unnamed-chunk-135-1.pdf, id=2373, 465.74pt x 249.9337
5pt>
File: _main_files/figure-latex/unnamed-chunk-135-1.pdf Graphic file (type pdf)
<use _main_files/figure-latex/unnamed-chunk-135-1.pdf>
Package pdftex.def Info: _main_files/figure-latex/unnamed-chunk-135-1.pdf  used
 on input line 11380.
(pdftex.def)             Requested size: 452.98248pt x 243.08759pt.
<_main_files/figure-latex/unnamed-chunk-136-1.pdf, id=2374, 436.63126pt x 247.9
2625pt>
File: _main_files/figure-latex/unnamed-chunk-136-1.pdf Graphic file (type pdf)
<use _main_files/figure-latex/unnamed-chunk-136-1.pdf>
Package pdftex.def Info: _main_files/figure-latex/unnamed-chunk-136-1.pdf  used
 on input line 11390.
(pdftex.def)             Requested size: 436.63019pt x 247.92564pt.
LaTeX Info: Redefining \. on input line 11390.
LaTeX Info: Redefining \% on input line 11390.
[223 <./_main_files/figure-latex/unnamed-chunk-134-1.pdf> <./_main_files/figure
-latex/unnamed-chunk-135-1.pdf

pdfTeX warning: pdflatex (file ./_main_files/figure-latex/unnamed-chunk-135-1.p
df): PDF inclusion: multiple pdfs with page group included in a single page
>]
LaTeX Info: Redefining \. on input line 11455.
LaTeX Info: Redefining \% on input line 11455.
[224 <./_main_files/figure-latex/unnamed-chunk-136-1.pdf>]
LaTeX Info: Redefining \. on input line 11523.
LaTeX Info: Redefining \% on input line 11523.
[225]
<_main_files/figure-latex/unnamed-chunk-143-1.pdf, id=2437, 436.63126pt x 246.9
225pt>
File: _main_files/figure-latex/unnamed-chunk-143-1.pdf Graphic file (type pdf)
<use _main_files/figure-latex/unnamed-chunk-143-1.pdf>
Package pdftex.def Info: _main_files/figure-latex/unnamed-chunk-143-1.pdf  used
 on input line 11590.
(pdftex.def)             Requested size: 436.63019pt x 246.92188pt.
LaTeX Info: Redefining \. on input line 11590.
LaTeX Info: Redefining \% on input line 11590.
[226]
<_main_files/figure-latex/unnamed-chunk-145-1.pdf, id=2442, 436.63126pt x 214.8
025pt>
File: _main_files/figure-latex/unnamed-chunk-145-1.pdf Graphic file (type pdf)
<use _main_files/figure-latex/unnamed-chunk-145-1.pdf>
Package pdftex.def Info: _main_files/figure-latex/unnamed-chunk-145-1.pdf  used
 on input line 11615.
(pdftex.def)             Requested size: 436.63019pt x 214.80197pt.
<_main_files/figure-latex/unnamed-chunk-146-1.pdf, id=2443, 436.63126pt x 214.8
025pt>
File: _main_files/figure-latex/unnamed-chunk-146-1.pdf Graphic file (type pdf)
<use _main_files/figure-latex/unnamed-chunk-146-1.pdf>
Package pdftex.def Info: _main_files/figure-latex/unnamed-chunk-146-1.pdf  used
 on input line 11617.
(pdftex.def)             Requested size: 436.63019pt x 214.80197pt.
LaTeX Info: Redefining \. on input line 11617.
LaTeX Info: Redefining \% on input line 11617.
[227 <./_main_files/figure-latex/unnamed-chunk-143-1.pdf> <./_main_files/figure
-latex/unnamed-chunk-145-1.pdf

pdfTeX warning: pdflatex (file ./_main_files/figure-latex/unnamed-chunk-145-1.p
df): PDF inclusion: multiple pdfs with page group included in a single page
>]
<_main_files/figure-latex/unnamed-chunk-147-1.pdf, id=2475, 436.63126pt x 214.8
025pt>
File: _main_files/figure-latex/unnamed-chunk-147-1.pdf Graphic file (type pdf)
<use _main_files/figure-latex/unnamed-chunk-147-1.pdf>
Package pdftex.def Info: _main_files/figure-latex/unnamed-chunk-147-1.pdf  used
 on input line 11625.
(pdftex.def)             Requested size: 436.63019pt x 214.80197pt.
LaTeX Info: Redefining \. on input line 11662.
LaTeX Info: Redefining \% on input line 11662.
[228 <./_main_files/figure-latex/unnamed-chunk-146-1.pdf> <./_main_files/figure
-latex/unnamed-chunk-147-1.pdf

pdfTeX warning: pdflatex (file ./_main_files/figure-latex/unnamed-chunk-147-1.p
df): PDF inclusion: multiple pdfs with page group included in a single page
>]
LaTeX Info: Redefining \. on input line 11686.
LaTeX Info: Redefining \% on input line 11686.
[229]
Cap\'{\i }tulo 32.
[230

]
LaTeX Info: Redefining \. on input line 11775.
LaTeX Info: Redefining \% on input line 11775.
[231] (./_main.bbl
LaTeX Info: Redefining \. on input line 1.
LaTeX Info: Redefining \% on input line 1.
[232]) [233

]
Package atveryend Info: Empty hook `BeforeClearDocument' on input line 11794.
Package atveryend Info: Empty hook `AfterLastShipout' on input line 11794.
(./_main.aux
LaTeX Info: Redefining \. on input line 25.
LaTeX Info: Redefining \% on input line 25.
)
Package atveryend Info: Executing hook `AtVeryEndDocument' on input line 11794.

Package atveryend Info: Empty hook `AtEndAfterFileList' on input line 11794.
Package atveryend Info: Empty hook `AtVeryVeryEnd' on input line 11794.
 ) 
Here is how much of TeX's memory you used:
 28936 strings out of 492649
 492062 string characters out of 6129622
 591248 words of memory out of 5000000
 31115 multiletter control sequences out of 15000+600000
 134241 words of font info for 196 fonts, out of 8000000 for 9000
 1141 hyphenation exceptions out of 8191
 55i,11n,54p,1147b,661s stack positions out of 5000i,500n,10000p,200000b,80000s
{/usr/local/texlive/2018/texmf-dist/fonts/enc/dvips/lm/lm-mathit.enc}{/usr/lo
cal/texlive/2018/texmf-dist/fonts/enc/dvips/lm/lm-rm.enc}{/usr/local/texlive/20
18/texmf-dist/fonts/enc/dvips/lm/lm-ts1.enc}{/usr/local/texlive/2018/texmf-dist
/fonts/enc/dvips/lm/lm-mathsy.enc}{/usr/local/texlive/2018/texmf-dist/fonts/enc
/dvips/lm/lm-ec.enc}{/usr/local/texlive/2018/texmf-dist/fonts/enc/dvips/lm/lm-m
athex.enc}</usr/local/texlive/2018/texmf-dist/fonts/type1/public/lm/lmbx10.pfb>
</usr/local/texlive/2018/texmf-dist/fonts/type1/public/lm/lmbx12.pfb></usr/loca
l/texlive/2018/texmf-dist/fonts/type1/public/lm/lmex10.pfb></usr/local/texlive/
2018/texmf-dist/fonts/type1/public/lm/lmmi10.pfb></usr/local/texlive/2018/texmf
-dist/fonts/type1/public/lm/lmmi12.pfb></usr/local/texlive/2018/texmf-dist/font
s/type1/public/lm/lmmi5.pfb></usr/local/texlive/2018/texmf-dist/fonts/type1/pub
lic/lm/lmmi6.pfb></usr/local/texlive/2018/texmf-dist/fonts/type1/public/lm/lmmi
7.pfb></usr/local/texlive/2018/texmf-dist/fonts/type1/public/lm/lmmi8.pfb></usr
/local/texlive/2018/texmf-dist/fonts/type1/public/lm/lmr10.pfb></usr/local/texl
ive/2018/texmf-dist/fonts/type1/public/lm/lmr12.pfb></usr/local/texlive/2018/te
xmf-dist/fonts/type1/public/lm/lmr17.pfb></usr/local/texlive/2018/texmf-dist/fo
nts/type1/public/lm/lmr5.pfb></usr/local/texlive/2018/texmf-dist/fonts/type1/pu
blic/lm/lmr6.pfb></usr/local/texlive/2018/texmf-dist/fonts/type1/public/lm/lmr7
.pfb></usr/local/texlive/2018/texmf-dist/fonts/type1/public/lm/lmr8.pfb></usr/l
ocal/texlive/2018/texmf-dist/fonts/type1/public/lm/lmri10.pfb></usr/local/texli
ve/2018/texmf-dist/fonts/type1/public/lm/lmro10.pfb></usr/local/texlive/2018/te
xmf-dist/fonts/type1/public/lm/lmsy10.pfb></usr/local/texlive/2018/texmf-dist/f
onts/type1/public/lm/lmsy5.pfb></usr/local/texlive/2018/texmf-dist/fonts/type1/
public/lm/lmsy7.pfb></usr/local/texlive/2018/texmf-dist/fonts/type1/public/lm/l
mtk10.pfb></usr/local/texlive/2018/texmf-dist/fonts/type1/public/lm/lmtt10.pfb>
</usr/local/texlive/2018/texmf-dist/fonts/type1/public/lm/lmtti10.pfb></usr/loc
al/texlive/2018/texmf-dist/fonts/type1/public/amsfonts/symbols/msam10.pfb></usr
/local/texlive/2018/texmf-dist/fonts/type1/public/amsfonts/symbols/msbm10.pfb>
Output written on _main.pdf (234 pages, 2542056 bytes).
PDF statistics:
 3489 PDF objects out of 3580 (max. 8388607)
 3012 compressed objects within 31 object streams
 953 named destinations out of 1000 (max. 500000)
 18327 words of extra memory for PDF output out of 20736 (max. 10000000)

